   1              		.cpu cortex-m7
   2              		.arch armv7e-m
   3              		.fpu fpv5-d16
   4              		.eabi_attribute 28, 1
   5              		.eabi_attribute 20, 1
   6              		.eabi_attribute 21, 1
   7              		.eabi_attribute 23, 3
   8              		.eabi_attribute 24, 1
   9              		.eabi_attribute 25, 1
  10              		.eabi_attribute 26, 1
  11              		.eabi_attribute 30, 6
  12              		.eabi_attribute 34, 1
  13              		.eabi_attribute 18, 4
  14              		.file	"ano_protocol.c"
  15              		.text
  16              	.Ltext0:
  17              		.cfi_sections	.debug_frame
  18              		.section	.text.ANO_DT_Send_F1,"ax",%progbits
  19              		.align	1
  20              		.p2align 4,,15
  21              		.global	ANO_DT_Send_F1
  22              		.syntax unified
  23              		.thumb
  24              		.thumb_func
  26              	ANO_DT_Send_F1:
  27              	.LFB172:
  28              		.file 1 "user_code/ano_protocol.c"
   1:user_code/ano_protocol.c **** /*
   2:user_code/ano_protocol.c ****  * ano_protocol.c
   3:user_code/ano_protocol.c ****  *
   4:user_code/ano_protocol.c ****  * [æ–‡ä»¶è¯´æ˜]
   5:user_code/ano_protocol.c ****  * å®ç°äº†åŒ¿åç§‘åˆ›ä¸Šä½æœºçš„é€šä¿¡åè®®ï¼Œç”¨äºå‘é€è°ƒè¯•æ•°æ®ã€‚
   6:user_code/ano_protocol.c ****  *
   7:user_code/ano_protocol.c ****  * [ç‰ˆæœ¬è¯´æ˜]
   8:user_code/ano_protocol.c ****  * V1.1 - ä¿®æ­£ç‰ˆ
   9:user_code/ano_protocol.c ****  * - ä¿®æ­£äº†å› å¤åˆ¶ç²˜è´´å¯¼è‡´çš„éæ³•å­—ç¬¦é”™è¯¯ã€‚
  10:user_code/ano_protocol.c ****  * - ä¿®æ­£äº†ä¸²å£å‘é€å‡½æ•°çš„åç§°ä»¥åŒ¹é…bspåº“ã€‚
  11:user_code/ano_protocol.c ****  */
  12:user_code/ano_protocol.c **** 
  13:user_code/ano_protocol.c **** #include "bsp_uart.h" // åŒ…å«bsp_uartå¤´æ–‡ä»¶ä»¥è·å–å‡½æ•°å£°æ˜å’Œå®å®šä¹‰
  14:user_code/ano_protocol.c **** #include <stdint.h>
  15:user_code/ano_protocol.c **** 
  16:user_code/ano_protocol.c **** // [AI-COMMENT] è¿™æ˜¯æˆ‘ä¹‹å‰ä¸ºä½ ç¼–å†™çš„å‡½æ•°ï¼Œä½†ä½ æä¾›çš„ä»£ç ä¸­å‡½æ•°åå¯èƒ½ä¸å
  17:user_code/ano_protocol.c **** // æˆ‘ä»¬ç°åœ¨åˆ›å»ºä¸€ä¸ªæ–°çš„ã€æ­£ç¡®çš„å‡½æ•°ï¼Œä¸ speed_test.c ä¸­è°ƒç”¨çš„ ANO_DT_Send_F1 
  18:user_code/ano_protocol.c **** // å¦‚æœä½ ä¹‹å‰å·²ç»æœ‰äº†è¿™ä¸ªæ–‡ä»¶ï¼Œè¯·ç¡®ä¿å‡½æ•°åå’Œå‚æ•°ä¸ä½ å®é™…è°ƒç”¨çš„åŒ¹é…
  19:user_code/ano_protocol.c **** 
  20:user_code/ano_protocol.c **** /**
  21:user_code/ano_protocol.c ****  * @brief  ä½¿ç”¨åŒ¿ååè®®å‘é€ç”¨æˆ·è‡ªå®šä¹‰æ•°æ®å¸§ (F1)
  22:user_code/ano_protocol.c ****  * @note   è¿™æ˜¯æˆ‘ä»¬è°ƒè¯•æ—¶æœ€å¸¸ç”¨çš„å‡½æ•°ï¼å®ƒå¯ä»¥å‘é€4ä¸ªfloatç±»å‹çš„æ•°æ®ã€‚
  23:user_code/ano_protocol.c ****  *         æˆ‘ä»¬ç”¨å®ƒæ¥å‘é€ç›®æ ‡é€Ÿåº¦å’Œå½“å‰é€Ÿåº¦ã€‚
  24:user_code/ano_protocol.c ****  * @param  data1 (ç›®æ ‡é€Ÿåº¦), data2 (å½“å‰é€Ÿåº¦), data3, data4: ä½ æƒ³å‘é€çš„4ä¸ªæµ®ç‚¹æ•°
  25:user_code/ano_protocol.c ****  */
  26:user_code/ano_protocol.c **** void ANO_DT_Send_F1(float data1, float data2, float data3, float data4)
  27:user_code/ano_protocol.c **** {
  29              		.loc 1 27 1
  30              		.cfi_startproc
  31              		@ args = 0, pretend = 0, frame = 56
  32              		@ frame_needed = 0, uses_anonymous_args = 0
  33 0000 00B5     		push	{lr}
  34              		.cfi_def_cfa_offset 4
  35              		.cfi_offset 14, -4
  36 0002 8FB0     		sub	sp, sp, #60
  37              		.cfi_def_cfa_offset 64
  38 0004 8DED030A 		vstr.32	s0, [sp, #12]
  39 0008 CDED020A 		vstr.32	s1, [sp, #8]
  40 000c 8DED011A 		vstr.32	s2, [sp, #4]
  41 0010 CDED001A 		vstr.32	s3, [sp]
  28:user_code/ano_protocol.c ****     // [AI-COMMENT] å¸§åè®®: å¸§å¤´(2) + åŠŸèƒ½ç (1) + æ•°æ®é•¿åº¦(1) + æ•°æ®(4*4) + æ ¡éªŒå’Œ
  29:user_code/ano_protocol.c ****     uint8_t data_to_send[21];
  30:user_code/ano_protocol.c ****     uint8_t sum_check = 0;
  42              		.loc 1 30 13
  43 0014 0023     		movs	r3, #0
  44 0016 8DF83730 		strb	r3, [sp, #55]
  31:user_code/ano_protocol.c **** 
  32:user_code/ano_protocol.c ****     // 1. å¸§å¤´
  33:user_code/ano_protocol.c ****     data_to_send[0] = 0xAA;
  45              		.loc 1 33 21
  46 001a AA23     		movs	r3, #170
  47 001c 8DF81430 		strb	r3, [sp, #20]
  34:user_code/ano_protocol.c ****     data_to_send[1] = 0xAF;
  48              		.loc 1 34 21
  49 0020 AF23     		movs	r3, #175
  50 0022 8DF81530 		strb	r3, [sp, #21]
  35:user_code/ano_protocol.c **** 
  36:user_code/ano_protocol.c ****     // 2. åŠŸèƒ½ç  (0xF1 è¡¨ç¤ºç”¨æˆ·è‡ªå®šä¹‰æ•°æ®)
  37:user_code/ano_protocol.c ****     data_to_send[2] = 0xF1;
  51              		.loc 1 37 21
  52 0026 F123     		movs	r3, #241
  53 0028 8DF81630 		strb	r3, [sp, #22]
  38:user_code/ano_protocol.c **** 
  39:user_code/ano_protocol.c ****     // 3. æ•°æ®é•¿åº¦ (4ä¸ªfloatï¼Œæ¯ä¸ª4å­—èŠ‚ï¼Œå…±16å­—èŠ‚)
  40:user_code/ano_protocol.c ****     data_to_send[3] = 16;
  54              		.loc 1 40 21
  55 002c 1023     		movs	r3, #16
  56 002e 8DF81730 		strb	r3, [sp, #23]
  41:user_code/ano_protocol.c **** 
  42:user_code/ano_protocol.c ****     // 4. æ”¾ç½®æ•°æ®
  43:user_code/ano_protocol.c ****     // [AI-MOD] ä¿®æ­£äº†æ‰€æœ‰é”™è¯¯çš„æ ¸å¿ƒéƒ¨åˆ†ï¼Œä½¿ç”¨æ­£ç¡®çš„æŒ‡é’ˆæ“ä½œ
  44:user_code/ano_protocol.c ****     uint8_t *p;
  45:user_code/ano_protocol.c **** 
  46:user_code/ano_protocol.c ****     p = (uint8_t *)&data1;
  57              		.loc 1 46 7
  58 0032 03AB     		add	r3, sp, #12
  59 0034 0B93     		str	r3, [sp, #44]
  47:user_code/ano_protocol.c ****     data_to_send[4] = p[0];
  60              		.loc 1 47 24
  61 0036 0B9B     		ldr	r3, [sp, #44]
  62 0038 1B78     		ldrb	r3, [r3]	@ zero_extendqisi2
  63              		.loc 1 47 21
  64 003a 8DF81830 		strb	r3, [sp, #24]
  48:user_code/ano_protocol.c ****     data_to_send[5] = p[1];
  65              		.loc 1 48 21
  66 003e 0B9B     		ldr	r3, [sp, #44]
  67 0040 5B78     		ldrb	r3, [r3, #1]	@ zero_extendqisi2
  68 0042 8DF81930 		strb	r3, [sp, #25]
  49:user_code/ano_protocol.c ****     data_to_send[6] = p[2];
  69              		.loc 1 49 21
  70 0046 0B9B     		ldr	r3, [sp, #44]
  71 0048 9B78     		ldrb	r3, [r3, #2]	@ zero_extendqisi2
  72 004a 8DF81A30 		strb	r3, [sp, #26]
  50:user_code/ano_protocol.c ****     data_to_send[7] = p[3];
  73              		.loc 1 50 21
  74 004e 0B9B     		ldr	r3, [sp, #44]
  75 0050 DB78     		ldrb	r3, [r3, #3]	@ zero_extendqisi2
  76 0052 8DF81B30 		strb	r3, [sp, #27]
  51:user_code/ano_protocol.c **** 
  52:user_code/ano_protocol.c ****     p = (uint8_t *)&data2;
  77              		.loc 1 52 7
  78 0056 02AB     		add	r3, sp, #8
  79 0058 0B93     		str	r3, [sp, #44]
  53:user_code/ano_protocol.c ****     data_to_send[8] = p[0];
  80              		.loc 1 53 24
  81 005a 0B9B     		ldr	r3, [sp, #44]
  82 005c 1B78     		ldrb	r3, [r3]	@ zero_extendqisi2
  83              		.loc 1 53 21
  84 005e 8DF81C30 		strb	r3, [sp, #28]
  54:user_code/ano_protocol.c ****     data_to_send[9] = p[1];
  85              		.loc 1 54 21
  86 0062 0B9B     		ldr	r3, [sp, #44]
  87 0064 5B78     		ldrb	r3, [r3, #1]	@ zero_extendqisi2
  88 0066 8DF81D30 		strb	r3, [sp, #29]
  55:user_code/ano_protocol.c ****     data_to_send[10] = p[2];
  89              		.loc 1 55 22
  90 006a 0B9B     		ldr	r3, [sp, #44]
  91 006c 9B78     		ldrb	r3, [r3, #2]	@ zero_extendqisi2
  92 006e 8DF81E30 		strb	r3, [sp, #30]
  56:user_code/ano_protocol.c ****     data_to_send[11] = p[3];
  93              		.loc 1 56 22
  94 0072 0B9B     		ldr	r3, [sp, #44]
  95 0074 DB78     		ldrb	r3, [r3, #3]	@ zero_extendqisi2
  96 0076 8DF81F30 		strb	r3, [sp, #31]
  57:user_code/ano_protocol.c **** 
  58:user_code/ano_protocol.c ****     p = (uint8_t *)&data3;
  97              		.loc 1 58 7
  98 007a 01AB     		add	r3, sp, #4
  99 007c 0B93     		str	r3, [sp, #44]
  59:user_code/ano_protocol.c ****     data_to_send[12] = p[0];
 100              		.loc 1 59 25
 101 007e 0B9B     		ldr	r3, [sp, #44]
 102 0080 1B78     		ldrb	r3, [r3]	@ zero_extendqisi2
 103              		.loc 1 59 22
 104 0082 8DF82030 		strb	r3, [sp, #32]
  60:user_code/ano_protocol.c ****     data_to_send[13] = p[1];
 105              		.loc 1 60 22
 106 0086 0B9B     		ldr	r3, [sp, #44]
 107 0088 5B78     		ldrb	r3, [r3, #1]	@ zero_extendqisi2
 108 008a 8DF82130 		strb	r3, [sp, #33]
  61:user_code/ano_protocol.c ****     data_to_send[14] = p[2];
 109              		.loc 1 61 22
 110 008e 0B9B     		ldr	r3, [sp, #44]
 111 0090 9B78     		ldrb	r3, [r3, #2]	@ zero_extendqisi2
 112 0092 8DF82230 		strb	r3, [sp, #34]
  62:user_code/ano_protocol.c ****     data_to_send[15] = p[3];
 113              		.loc 1 62 22
 114 0096 0B9B     		ldr	r3, [sp, #44]
 115 0098 DB78     		ldrb	r3, [r3, #3]	@ zero_extendqisi2
 116 009a 8DF82330 		strb	r3, [sp, #35]
  63:user_code/ano_protocol.c **** 
  64:user_code/ano_protocol.c ****     p = (uint8_t *)&data4;
 117              		.loc 1 64 7
 118 009e 6B46     		mov	r3, sp
 119 00a0 0B93     		str	r3, [sp, #44]
  65:user_code/ano_protocol.c ****     data_to_send[16] = p[0];
 120              		.loc 1 65 25
 121 00a2 0B9B     		ldr	r3, [sp, #44]
 122 00a4 1B78     		ldrb	r3, [r3]	@ zero_extendqisi2
 123              		.loc 1 65 22
 124 00a6 8DF82430 		strb	r3, [sp, #36]
  66:user_code/ano_protocol.c ****     data_to_send[17] = p[1];
 125              		.loc 1 66 22
 126 00aa 0B9B     		ldr	r3, [sp, #44]
 127 00ac 5B78     		ldrb	r3, [r3, #1]	@ zero_extendqisi2
 128 00ae 8DF82530 		strb	r3, [sp, #37]
  67:user_code/ano_protocol.c ****     data_to_send[18] = p[2];
 129              		.loc 1 67 22
 130 00b2 0B9B     		ldr	r3, [sp, #44]
 131 00b4 9B78     		ldrb	r3, [r3, #2]	@ zero_extendqisi2
 132 00b6 8DF82630 		strb	r3, [sp, #38]
  68:user_code/ano_protocol.c ****     data_to_send[19] = p[3];
 133              		.loc 1 68 22
 134 00ba 0B9B     		ldr	r3, [sp, #44]
 135 00bc DB78     		ldrb	r3, [r3, #3]	@ zero_extendqisi2
 136 00be 8DF82730 		strb	r3, [sp, #39]
 137              	.LBB2:
  69:user_code/ano_protocol.c **** 
  70:user_code/ano_protocol.c ****     // 5. è®¡ç®—æ ¡éªŒå’Œ (ä»åŠŸèƒ½ç åˆ°æ•°æ®ç»“æŸ)
  71:user_code/ano_protocol.c ****     for(int i = 2; i < 20; i++)
 138              		.loc 1 71 13
 139 00c2 0223     		movs	r3, #2
 140 00c4 0C93     		str	r3, [sp, #48]
 141              		.loc 1 71 5
 142 00c6 0BE0     		b	.L2
 143              	.L3:
  72:user_code/ano_protocol.c ****     {
  73:user_code/ano_protocol.c ****         sum_check += data_to_send[i];
 144              		.loc 1 73 34 discriminator 3
 145 00c8 05AA     		add	r2, sp, #20
 146 00ca 0C9B     		ldr	r3, [sp, #48]
 147 00cc 1344     		add	r3, r3, r2
 148 00ce 1A78     		ldrb	r2, [r3]	@ zero_extendqisi2
 149              		.loc 1 73 19 discriminator 3
 150 00d0 9DF83730 		ldrb	r3, [sp, #55]
 151 00d4 1344     		add	r3, r3, r2
 152 00d6 8DF83730 		strb	r3, [sp, #55]
  71:user_code/ano_protocol.c ****     {
 153              		.loc 1 71 29 discriminator 3
 154 00da 0C9B     		ldr	r3, [sp, #48]
 155 00dc 0133     		adds	r3, r3, #1
 156 00de 0C93     		str	r3, [sp, #48]
 157              	.L2:
  71:user_code/ano_protocol.c ****     {
 158              		.loc 1 71 5 discriminator 1
 159 00e0 0C9B     		ldr	r3, [sp, #48]
 160 00e2 132B     		cmp	r3, #19
 161 00e4 F0DD     		ble	.L3
 162              	.LBE2:
  74:user_code/ano_protocol.c ****     }
  75:user_code/ano_protocol.c ****     data_to_send[20] = sum_check;
 163              		.loc 1 75 22
 164 00e6 9DF83730 		ldrb	r3, [sp, #55]
 165 00ea 8DF82830 		strb	r3, [sp, #40]
  76:user_code/ano_protocol.c **** 
  77:user_code/ano_protocol.c ****     // 6. é€šè¿‡ä¸²å£å‘é€å‡ºå»
  78:user_code/ano_protocol.c ****     // [AI-MOD] ä½¿ç”¨ç¼–è¯‘å™¨æç¤ºçš„ã€æ­£ç¡®çš„å‡½æ•°å bsp_uart_write_buffer
  79:user_code/ano_protocol.c ****     bsp_uart_write_buffer(BSP_UART_DEBUG, data_to_send, sizeof(data_to_send));
 166              		.loc 1 79 5
 167 00ee 05AB     		add	r3, sp, #20
 168 00f0 1522     		movs	r2, #21
 169 00f2 1946     		mov	r1, r3
 170 00f4 0020     		movs	r0, #0
 171 00f6 FFF7FEFF 		bl	bsp_uart_write_buffer
  80:user_code/ano_protocol.c **** }
 172              		.loc 1 80 1
 173 00fa 00BF     		nop
 174 00fc 0FB0     		add	sp, sp, #60
 175              		.cfi_def_cfa_offset 4
 176              		@ sp needed
 177 00fe 5DF804FB 		ldr	pc, [sp], #4
 178              		.cfi_endproc
 179              	.LFE172:
 181 0102 00BF     		.text
 182              	.Letext0:
 183              		.file 2 "c:\\stellarstudio-7.1\\sdks\\tools-1.4.0\\toolchain\\arm\\mingw64_nt\\10.3-2021.10\\arm-n
 184              		.file 3 "c:\\stellarstudio-7.1\\sdks\\tools-1.4.0\\toolchain\\arm\\mingw64_nt\\10.3-2021.10\\arm-n
 185              		.file 4 "user_code/bsp_uart.h"
DEFINED SYMBOLS
                            *ABS*:00000000 ano_protocol.c
C:\Users\20766\AppData\Local\Temp\ccWV4Exe.s:19     .text.ANO_DT_Send_F1:00000000 $t
C:\Users\20766\AppData\Local\Temp\ccWV4Exe.s:26     .text.ANO_DT_Send_F1:00000000 ANO_DT_Send_F1
                           .group:00000000 wm4.0.1ea29c7543256e0887205fa7f8c557c8
                           .group:00000000 wm4._newlib_version.h.4.bfdf54b0af045d4a71376ae00f63a22c
                           .group:00000000 wm4.newlib.h.18.1c9fedb6b3cd797cff253cc0fd593ef2
                           .group:00000000 wm4.ieeefp.h.77.2bc94c1d1ed8b02df437510a04ac1e45
                           .group:00000000 wm4.features.h.22.026edb2397769f4ae13f35900dbdb560
                           .group:00000000 wm4.config.h.224.c701144a7b0518c6ee9b9b5465b79f81
                           .group:00000000 wm4._ansi.h.31.de524f58584151836e90d8620a16f8e8
                           .group:00000000 wm4.stdio.h.31.7c0e28c411445f3f9c5b11accf882760
                           .group:00000000 wm4._default_types.h.6.959254cf5f09734ea7516c89e8bb21bd
                           .group:00000000 wm4.stddef.h.181.c3f52a3b0f4c288bddb5dda1562858e2
                           .group:00000000 wm4.cdefs.h.49.a54b2d5c07711bc7320a3fea9f12cb56
                           .group:00000000 wm4.stddef.h.39.c161261b198ee3a963897077fd6fa59f
                           .group:00000000 wm4.stdarg.h.34.3a23a216c0c293b3d2ea2e89281481e6
                           .group:00000000 wm4._types.h.20.dd0d04dca3800a0d2a6129b87f3adbb2
                           .group:00000000 wm4.stddef.h.155.3588ebfdd1e8c7ede80509bb9c3b8009
                           .group:00000000 wm4._types.h.127.34941de1b2539d59d5cac00e0dd27a45
                           .group:00000000 wm4.reent.h.17.e292bf8b0bec6c96e131a54347145a30
                           .group:00000000 wm4.lock.h.2.1461d1fff82dffe8bfddc23307f6484f
                           .group:00000000 wm4.reent.h.77.dcd6129ff07fe81bd5636db29abe53b2
                           .group:00000000 wm4.types.h.40.8b6acba56cefbb11746718204edc8f5e
                           .group:00000000 wm4._stdint.h.10.c24fa3af3bc1706662bb5593a907e841
                           .group:00000000 wm4._endian.h.31.65a10590763c3dde1ac4a7f66d7d4891
                           .group:00000000 wm4.endian.h.9.49f3a4695c1b61e8a0808de3c4a106cb
                           .group:00000000 wm4._timeval.h.32.bec3221fa7a9bb0bdde696c9c57e47d2
                           .group:00000000 wm4.timespec.h.41.d855182eb0e690443ab8651bcedca6e1
                           .group:00000000 wm4.select.h.19.40cd3f2bfc456b193b790c2754690ebf
                           .group:00000000 wm4.types.h.51.5571ec98f267d17d3c670b7a3ba33afa
                           .group:00000000 wm4.sched.h.22.c60982713a5c428609783c78f9c78d95
                           .group:00000000 wm4._pthreadtypes.h.36.fcee9961c35163dde6267ef772ad1972
                           .group:00000000 wm4.stdio.h.2.4aa87247282eca6c8f36f9de33d8df1a
                           .group:00000000 wm4.stdio.h.81.932d0c162786b883f622b8d05c120c78
                           .group:00000000 wm4._intsup.h.10.48bafbb683905c4daa4565a85aeeb264
                           .group:00000000 wm4.stdint.h.23.d53047a68f4a85177f80b422d52785ed
                           .group:00000000 wm4.stdbool.h.29.07dce69c3b78884144b7f7bd19483461
                           .group:00000000 wm4.stdarg.h.31.3fa7b8f6daaa31edd1696c08c77f2a73
                           .group:00000000 wm4.string.h.8.c4b8571ce60dff2817f43fec8b86aecd
                           .group:00000000 wm4.stddef.h.155.ba788add86a0e365f264484f110c3c29
                           .group:00000000 wm4.stdlib.h.13.4ed386f5c1a80d71e72172885d946ef2
                           .group:00000000 wm4.alloca.h.8.dfc0c703c47ec3e69746825b17d9e66d
                           .group:00000000 wm4.stdlib.h.56.f4862cfbf4363a1db01842d5bdf72c18
                           .group:00000000 wm4.zf_common_typedef.h.47.8c368673885c9d07221c267e15ab1069
                           .group:00000000 wm4.sr5e1xx.h.22.e5c808533cc52ed19fb0830cd7d98924
                           .group:00000000 wm4.cmsis_version.h.32.0f826810625204eca22a19868bdc7586
                           .group:00000000 wm4.core_cm7.h.66.8ab2de36917d6fcae18019067fda13e0
                           .group:00000000 wm4.cmsis_gcc.h.26.498d0ad17a45fc9ef20fdc01caf02259
                           .group:00000000 wm4.core_cm7.h.174.43edb295ecdaadad738f48ba6011ffad
                           .group:00000000 wm4.mpu_armv7.h.32.83326921a797fa9d6f70449916b4b839
                           .group:00000000 wm4.cachel1_armv7.h.32.abd77761a989e008b0c60891114a33c7
                           .group:00000000 wm4.SR5E1_ADC.h.14.21608e6aff125ba995dd767d6d8dc311
                           .group:00000000 wm4.SR5E1_CEM.h.14.01fe5742c8f1ae35b1f3af05932f702e
                           .group:00000000 wm4.SR5E1_CMU.h.14.2617b38b159abe38028862394531e06d
                           .group:00000000 wm4.SR5E1_COMP.h.14.4b6fdfe4f5f7fd9bedf3a99b98bdf4cd
                           .group:00000000 wm4.SR5E1_CORDIC.h.14.354fbf7c9eaf6963d38eaa25cf28ffe8
                           .group:00000000 wm4.SR5E1_CRC.h.14.c64d0f7767671ddb92e9ead0a1162100
                           .group:00000000 wm4.SR5E1_DAC.h.14.8c26a0ff04b0cfeb55306cc3f22187b8
                           .group:00000000 wm4.SR5E1_DBGMCU.h.14.427df893d53a8044654f017ba01c25ed
                           .group:00000000 wm4.SR5E1_DMA.h.14.a7f9a92f844b40a86965798c2e64240b
                           .group:00000000 wm4.SR5E1_DMAMUX.h.14.471b3b4dfd4d41515f1df49493698866
                           .group:00000000 wm4.SR5E1_EXTI.h.14.a325ea3fe89cd84894660551c33241ea
                           .group:00000000 wm4.SR5E1_FCCU.h.14.0ebf0f0f36e079d28613ad2c80e17e23
                           .group:00000000 wm4.SR5E1_FDCAN.h.14.ac57101fad5dbc798bfb93f34c899de7
                           .group:00000000 wm4.SR5E1_FLASH_REG_ITF.h.14.d23d1d44923f9b20b8c8fdb51d66aefd
                           .group:00000000 wm4.SR5E1_GPIO.h.14.1c84071e130d7c64b62470ab0e18a1f1
                           .group:00000000 wm4.SR5E1_HRTIM.h.24.03932387d2522e6bd5c772a4edaf2f5d
                           .group:00000000 wm4.SR5E1_HSEM.h.14.cbe70eee519f01b16452c3f8c99d8df1
                           .group:00000000 wm4.SR5E1_I2C.h.14.350ba3e0f4fd57828457efa80135c36c
                           .group:00000000 wm4.SR5E1_IMA.h.14.62b7088985ab2b7ce9b030a02daa1f7d
                           .group:00000000 wm4.SR5E1_IWDG.h.14.20b7c5f05cf7ae94464c360d7af3660d
                           .group:00000000 wm4.SR5E1_MEMU.h.14.04bad7ae4c52ce334a4fc900aad2ae5b
                           .group:00000000 wm4.SR5E1_NVM_CTRL.h.14.5f442617f0628d4f16258f211c614ef9
                           .group:00000000 wm4.SR5E1_PLLDIG.h.14.bd87a8e6917eee17dae2f312c8e5fa53
                           .group:00000000 wm4.SR5E1_PMC_DIG.h.14.54173b566c6656344766ec4ef46c9281
                           .group:00000000 wm4.SR5E1_RCC.h.14.56734803c71534de286e793a53649740
                           .group:00000000 wm4.SR5E1_RTC.h.14.47037cbc7d8175dbf2be1dc0bb955e3f
                           .group:00000000 wm4.SR5E1_SD_ADC.h.14.552b97d0b8f3c1fd4df6d8964b2f1a80
                           .group:00000000 wm4.SR5E1_SMPU.h.14.8ce5bb6d5d7c579cd725f492f46e9085
                           .group:00000000 wm4.SR5E1_SPI.h.14.42d52112e540f85ade4d9135f8b87d72
                           .group:00000000 wm4.SR5E1_SSCM.h.14.8e6a2ad0ce5fca422fc3d69939b6125b
                           .group:00000000 wm4.SR5E1_SYSCFG.h.14.02b969490118ce4069914b5e94f7ca65
                           .group:00000000 wm4.SR5E1_TDM.h.14.a40ed7928cad243a57fd233fccf01ad2
                           .group:00000000 wm4.SR5E1_TIM.h.14.05b8efc5395873619642d61a4b0b5a54
                           .group:00000000 wm4.SR5E1_UART.h.14.eec3ab82b02b3bdb3de500483675b83f
                           .group:00000000 wm4.SR5E1_WWDG.h.14.59b45efc70e442cc6ef03702aad4ad88
                           .group:00000000 wm4.typedefs.h.36.07fe3956b4e751037cfee70edcd0b397
                           .group:00000000 wm4.irq_numbers.h.38.6294b95aed1bf7b3a2cda0eed8ce8f57
                           .group:00000000 wm4.regs.h.23.2ac145b4f57126d16daed5fbd86d99c6
                           .group:00000000 wm4.gpio.h.38.4f37c988f6412e2fcf390b4a4a9849b1
                           .group:00000000 wm4.zf_driver_gpio.h.65.5a4d2084c62fed7c22fdca02e748c198
                           .group:00000000 wm4.zf_driver_uart.h.68.14c9cf719d9cd0f517e5a4bcb943af75
                           .group:00000000 wm4.zf_common_fifo.h.114.cace62233bb13c2a4f57ef2746f514d9
                           .group:00000000 wm4.bsp_uart.h.31.c709869491969cfdef8a75d6bfc161b7

UNDEFINED SYMBOLS
bsp_uart_write_buffer
