   1              		.cpu cortex-m7
   2              		.arch armv7e-m
   3              		.fpu fpv5-d16
   4              		.eabi_attribute 28, 1
   5              		.eabi_attribute 20, 1
   6              		.eabi_attribute 21, 1
   7              		.eabi_attribute 23, 3
   8              		.eabi_attribute 24, 1
   9              		.eabi_attribute 25, 1
  10              		.eabi_attribute 26, 1
  11              		.eabi_attribute 30, 6
  12              		.eabi_attribute 34, 1
  13              		.eabi_attribute 18, 4
  14              		.file	"bsp_rtk.c"
  15              		.text
  16              	.Ltext0:
  17              		.cfi_sections	.debug_frame
  18              		.section	.text.bsp_rtk_init,"ax",%progbits
  19              		.align	1
  20              		.p2align 4,,15
  21              		.global	bsp_rtk_init
  22              		.syntax unified
  23              		.thumb
  24              		.thumb_func
  26              	bsp_rtk_init:
  27              	.LFB482:
  28              		.file 1 "user_code/bsp_rtk.c"
   1:user_code/bsp_rtk.c **** /*
   2:user_code/bsp_rtk.c ****  * bsp_rtk.c
   3:user_code/bsp_rtk.c ****  *
   4:user_code/bsp_rtk.c ****  *  [ç‰ˆæœ¬è¯´æ˜] æœ€ç»ˆä¼˜åŒ–ç‰ˆã€‚
   5:user_code/bsp_rtk.c ****  */
   6:user_code/bsp_rtk.c **** #include "bsp_rtk.h"
   7:user_code/bsp_rtk.c **** 
   8:user_code/bsp_rtk.c **** // ================== å¤–éƒ¨å˜é‡ä¸å‡½æ•°å£°æ˜ ==================
   9:user_code/bsp_rtk.c **** // è¿™äº›å˜é‡å’Œå‡½æ•°ç”±é€é£çš„ `zf_device_gnss` åº“å®šä¹‰å¹¶å¯¼å‡ºã€‚
  10:user_code/bsp_rtk.c **** extern uint8 gnss_flag;
  11:user_code/bsp_rtk.c **** extern gnss_info_struct gnss_info;
  12:user_code/bsp_rtk.c **** // gnss_init å’Œ gnss_data_parse ç”± bsp_rtk.h ä¸­åŒ…å«çš„å®˜æ–¹å¤´æ–‡ä»¶å£°æ˜ï¼Œæ­¤å¤„æ— éœ€é‡å
  13:user_code/bsp_rtk.c **** 
  14:user_code/bsp_rtk.c **** 
  15:user_code/bsp_rtk.c **** // ================== APIå‡½æ•°å®ç° ==================
  16:user_code/bsp_rtk.c **** 
  17:user_code/bsp_rtk.c **** /**
  18:user_code/bsp_rtk.c ****  * @brief  åˆå§‹åŒ–RTKæ¨¡å—ã€‚
  19:user_code/bsp_rtk.c ****  * @note   æ­¤å‡½æ•°è°ƒç”¨é€é£å®˜æ–¹gnss_initï¼Œå®ŒæˆUARTã€FIFOå’Œä¸­æ–­çš„å…¨éƒ¨åå°é…ç½®ã€
  20:user_code/bsp_rtk.c ****  */
  21:user_code/bsp_rtk.c **** bool bsp_rtk_init(void)
  22:user_code/bsp_rtk.c **** {
  29              		.loc 1 22 1
  30              		.cfi_startproc
  31              		@ args = 0, pretend = 0, frame = 0
  32              		@ frame_needed = 0, uses_anonymous_args = 0
  33 0000 08B5     		push	{r3, lr}
  34              		.cfi_def_cfa_offset 8
  35              		.cfi_offset 3, -8
  36              		.cfi_offset 14, -4
  23:user_code/bsp_rtk.c ****     // è°ƒç”¨å®˜æ–¹APIï¼Œå¹¶ä¼ å…¥RTKæ¨¡ç»„ç±»å‹ã€‚
  24:user_code/bsp_rtk.c ****     // æ ¹æ®é€é£åº“çš„ä¹ æƒ¯ï¼Œè¿”å›0 (ZF_NO_ERROR) è¡¨ç¤ºæˆåŠŸã€‚
  25:user_code/bsp_rtk.c ****     if (gnss_init(GNSS_TYPE_GN43RFA) == 0)
  37              		.loc 1 25 9
  38 0002 0220     		movs	r0, #2
  39 0004 FFF7FEFF 		bl	gnss_init
  40 0008 0346     		mov	r3, r0
  41              		.loc 1 25 8
  42 000a 002B     		cmp	r3, #0
  43 000c 01D1     		bne	.L2
  26:user_code/bsp_rtk.c ****     {
  27:user_code/bsp_rtk.c ****         return false; // åˆå§‹åŒ–æˆåŠŸ
  44              		.loc 1 27 16
  45 000e 0023     		movs	r3, #0
  46 0010 00E0     		b	.L3
  47              	.L2:
  28:user_code/bsp_rtk.c ****     }
  29:user_code/bsp_rtk.c ****     return true; // åˆå§‹åŒ–å¤±è´¥
  48              		.loc 1 29 12
  49 0012 0123     		movs	r3, #1
  50              	.L3:
  30:user_code/bsp_rtk.c **** }
  51              		.loc 1 30 1
  52 0014 1846     		mov	r0, r3
  53 0016 08BD     		pop	{r3, pc}
  54              		.cfi_endproc
  55              	.LFE482:
  57              		.section	.text.bsp_rtk_data_task,"ax",%progbits
  58              		.align	1
  59              		.p2align 4,,15
  60              		.global	bsp_rtk_data_task
  61              		.syntax unified
  62              		.thumb
  63              		.thumb_func
  65              	bsp_rtk_data_task:
  66              	.LFB483:
  31:user_code/bsp_rtk.c **** 
  32:user_code/bsp_rtk.c **** /**
  33:user_code/bsp_rtk.c ****  * @brief  æ£€æŸ¥å¹¶å¤„ç†æ–°çš„RTKæ•°æ®ã€‚
  34:user_code/bsp_rtk.c ****  * @note   æ­¤å‡½æ•°æ˜¯å¯¹æ‚¨åŸæœ‰ `bsp_rtk_is_new_data_available` çš„ä¼˜åŒ–å‘½åå’Œå°è£…ã€‚
  35:user_code/bsp_rtk.c ****  */
  36:user_code/bsp_rtk.c **** bool bsp_rtk_data_task(void)
  37:user_code/bsp_rtk.c **** {
  67              		.loc 1 37 1
  68              		.cfi_startproc
  69              		@ args = 0, pretend = 0, frame = 0
  70              		@ frame_needed = 0, uses_anonymous_args = 0
  71 0000 08B5     		push	{r3, lr}
  72              		.cfi_def_cfa_offset 8
  73              		.cfi_offset 3, -8
  74              		.cfi_offset 14, -4
  38:user_code/bsp_rtk.c ****     // æ£€æŸ¥ç”±UARTä¸­æ–­åœ¨æ¥æ”¶åˆ°æ¢è¡Œç¬¦åç½®ä½çš„æ ‡å¿—ä½ã€‚
  39:user_code/bsp_rtk.c ****     if (gnss_flag)
  75              		.loc 1 39 9
  76 0002 084B     		ldr	r3, .L7
  77 0004 1B78     		ldrb	r3, [r3]	@ zero_extendqisi2
  78              		.loc 1 39 8
  79 0006 002B     		cmp	r3, #0
  80 0008 09D0     		beq	.L5
  40:user_code/bsp_rtk.c ****     {
  41:user_code/bsp_rtk.c ****         // æ¸…é™¤æ ‡å¿—ï¼Œé¿å…é‡å¤å¤„ç†ã€‚è¿™æ˜¯å¿…é¡»çš„æ­¥éª¤ã€‚
  42:user_code/bsp_rtk.c ****         gnss_flag = 0;
  81              		.loc 1 42 19
  82 000a 064B     		ldr	r3, .L7
  83 000c 0022     		movs	r2, #0
  84 000e 1A70     		strb	r2, [r3]
  43:user_code/bsp_rtk.c **** 
  44:user_code/bsp_rtk.c ****         // è°ƒç”¨è§£æå‡½æ•°ã€‚å®ƒä¼šå¤„ç†å·²åˆ†ç±»çš„å†…éƒ¨ç¼“å†²åŒº(gnss_xxx_buffer)ï¼Œ
  45:user_code/bsp_rtk.c ****         // è¿›è¡Œæ ¡éªŒå’ŒéªŒè¯ï¼Œå¹¶æ›´æ–°å…¨å±€çš„ `gnss_info` ç»“æ„ä½“ã€‚
  46:user_code/bsp_rtk.c ****         // å‡½æ•°è¿”å›0 (ZF_NO_ERROR) è¡¨ç¤ºæ‰€æœ‰å·²æ¥æ”¶çš„è¯­å¥éƒ½æ ¡éªŒæˆåŠŸå¹¶è¢«è§£æã€‚
  47:user_code/bsp_rtk.c ****         if (gnss_data_parse() == 0)
  85              		.loc 1 47 13
  86 0010 FFF7FEFF 		bl	gnss_data_parse
  87 0014 0346     		mov	r3, r0
  88              		.loc 1 47 12
  89 0016 002B     		cmp	r3, #0
  90 0018 01D1     		bne	.L5
  48:user_code/bsp_rtk.c ****         {
  49:user_code/bsp_rtk.c ****             return true; // ç¡®è®¤æœ‰æ–°æ•°æ®ï¼Œå¹¶ä¸”å·²æˆåŠŸæ›´æ–°ã€‚
  91              		.loc 1 49 20
  92 001a 0123     		movs	r3, #1
  93 001c 00E0     		b	.L6
  94              	.L5:
  50:user_code/bsp_rtk.c ****         }
  51:user_code/bsp_rtk.c ****     }
  52:user_code/bsp_rtk.c **** 
  53:user_code/bsp_rtk.c ****     // å¦‚æœ gnss_flag ä¸º 0ï¼Œæˆ– gnss_data_parse() è¿”å›é”™è¯¯ï¼Œéƒ½è¡¨ç¤ºæœ¬å‘¨æœŸæ²¡æœ‰æœ‰æ•ˆ
  54:user_code/bsp_rtk.c ****     return false;
  95              		.loc 1 54 12
  96 001e 0023     		movs	r3, #0
  97              	.L6:
  55:user_code/bsp_rtk.c **** }
  98              		.loc 1 55 1
  99 0020 1846     		mov	r0, r3
 100 0022 08BD     		pop	{r3, pc}
 101              	.L8:
 102              		.align	2
 103              	.L7:
 104 0024 00000000 		.word	gnss_flag
 105              		.cfi_endproc
 106              	.LFE483:
 108              		.section	.text.bsp_rtk_get_info,"ax",%progbits
 109              		.align	1
 110              		.p2align 4,,15
 111              		.global	bsp_rtk_get_info
 112              		.syntax unified
 113              		.thumb
 114              		.thumb_func
 116              	bsp_rtk_get_info:
 117              	.LFB484:
  56:user_code/bsp_rtk.c **** 
  57:user_code/bsp_rtk.c **** /**
  58:user_code/bsp_rtk.c ****  * @brief  è·å–æœ€æ–°çš„RTKä¿¡æ¯ç»“æ„ä½“ã€‚
  59:user_code/bsp_rtk.c ****  * @note   æ­¤å‡½æ•°å®ç°ä¿æŒä¸å˜ã€‚
  60:user_code/bsp_rtk.c ****  */
  61:user_code/bsp_rtk.c **** gnss_info_struct bsp_rtk_get_info(void)
  62:user_code/bsp_rtk.c **** {
 118              		.loc 1 62 1
 119              		.cfi_startproc
 120              		@ args = 0, pretend = 0, frame = 8
 121              		@ frame_needed = 0, uses_anonymous_args = 0
 122 0000 00B5     		push	{lr}
 123              		.cfi_def_cfa_offset 4
 124              		.cfi_offset 14, -4
 125 0002 83B0     		sub	sp, sp, #12
 126              		.cfi_def_cfa_offset 16
 127 0004 0190     		str	r0, [sp, #4]
  63:user_code/bsp_rtk.c ****     // ç›´æ¥è¿”å›å…¨å±€ç»“æ„ä½“çš„å‰¯æœ¬ï¼Œè¿™æ˜¯æœ€å®‰å…¨çš„æ–¹å¼ï¼Œ
  64:user_code/bsp_rtk.c ****     // å¯ä»¥é˜²æ­¢ä¸Šå±‚åº”ç”¨çš„æ•°æ®åœ¨è¯»å–è¿‡ç¨‹ä¸­è¢«ä¸­æ–­æ„å¤–ä¿®æ”¹ï¼ˆè™½ç„¶åœ¨æ­¤æ¶æ
  65:user_code/bsp_rtk.c ****     return gnss_info;
 128              		.loc 1 65 12
 129 0006 019B     		ldr	r3, [sp, #4]
 130 0008 054A     		ldr	r2, .L11
 131 000a 1846     		mov	r0, r3
 132 000c 1146     		mov	r1, r2
 133 000e 4823     		movs	r3, #72
 134 0010 1A46     		mov	r2, r3
 135 0012 FFF7FEFF 		bl	memcpy
  66:user_code/bsp_rtk.c **** }
 136              		.loc 1 66 1
 137 0016 0198     		ldr	r0, [sp, #4]
 138 0018 03B0     		add	sp, sp, #12
 139              		.cfi_def_cfa_offset 4
 140              		@ sp needed
 141 001a 5DF804FB 		ldr	pc, [sp], #4
 142              	.L12:
 143 001e 00BF     		.align	2
 144              	.L11:
 145 0020 00000000 		.word	gnss_info
 146              		.cfi_endproc
 147              	.LFE484:
 149              		.text
 150              	.Letext0:
 151              		.file 2 "libraries/zf_common/zf_common_typedef.h"
 152              		.file 3 "libraries/zf_device/zf_device_gnss.h"
DEFINED SYMBOLS
                            *ABS*:00000000 bsp_rtk.c
C:\Users\20766\AppData\Local\Temp\ccFN8n1b.s:19     .text.bsp_rtk_init:00000000 $t
C:\Users\20766\AppData\Local\Temp\ccFN8n1b.s:26     .text.bsp_rtk_init:00000000 bsp_rtk_init
C:\Users\20766\AppData\Local\Temp\ccFN8n1b.s:58     .text.bsp_rtk_data_task:00000000 $t
C:\Users\20766\AppData\Local\Temp\ccFN8n1b.s:65     .text.bsp_rtk_data_task:00000000 bsp_rtk_data_task
C:\Users\20766\AppData\Local\Temp\ccFN8n1b.s:104    .text.bsp_rtk_data_task:00000024 $d
C:\Users\20766\AppData\Local\Temp\ccFN8n1b.s:109    .text.bsp_rtk_get_info:00000000 $t
C:\Users\20766\AppData\Local\Temp\ccFN8n1b.s:116    .text.bsp_rtk_get_info:00000000 bsp_rtk_get_info
C:\Users\20766\AppData\Local\Temp\ccFN8n1b.s:145    .text.bsp_rtk_get_info:00000020 $d
                           .group:00000000 wm4.0.1ea29c7543256e0887205fa7f8c557c8
                           .group:00000000 wm4._newlib_version.h.4.bfdf54b0af045d4a71376ae00f63a22c
                           .group:00000000 wm4.newlib.h.18.1c9fedb6b3cd797cff253cc0fd593ef2
                           .group:00000000 wm4.ieeefp.h.77.2bc94c1d1ed8b02df437510a04ac1e45
                           .group:00000000 wm4.features.h.22.026edb2397769f4ae13f35900dbdb560
                           .group:00000000 wm4.config.h.224.c701144a7b0518c6ee9b9b5465b79f81
                           .group:00000000 wm4._ansi.h.31.de524f58584151836e90d8620a16f8e8
                           .group:00000000 wm4.stddef.h.39.27677723d43e5b5a7afdf8d798429f1d
                           .group:00000000 wm4._types.h.20.dd0d04dca3800a0d2a6129b87f3adbb2
                           .group:00000000 wm4.stddef.h.155.3588ebfdd1e8c7ede80509bb9c3b8009
                           .group:00000000 wm4._default_types.h.6.959254cf5f09734ea7516c89e8bb21bd
                           .group:00000000 wm4._types.h.127.34941de1b2539d59d5cac00e0dd27a45
                           .group:00000000 wm4.reent.h.17.e292bf8b0bec6c96e131a54347145a30
                           .group:00000000 wm4.lock.h.2.1461d1fff82dffe8bfddc23307f6484f
                           .group:00000000 wm4.reent.h.77.dcd6129ff07fe81bd5636db29abe53b2
                           .group:00000000 wm4.cdefs.h.49.a54b2d5c07711bc7320a3fea9f12cb56
                           .group:00000000 wm4.math.h.13.b6595ad277a643a6127e1a4515a98f91
                           .group:00000000 wm4.stdio.h.27.3fc80220048df77954e38daec3bb9670
                           .group:00000000 wm4.stddef.h.155.ba788add86a0e365f264484f110c3c29
                           .group:00000000 wm4.stdarg.h.34.3a23a216c0c293b3d2ea2e89281481e6
                           .group:00000000 wm4.types.h.40.8b6acba56cefbb11746718204edc8f5e
                           .group:00000000 wm4._stdint.h.10.c24fa3af3bc1706662bb5593a907e841
                           .group:00000000 wm4._endian.h.31.65a10590763c3dde1ac4a7f66d7d4891
                           .group:00000000 wm4.endian.h.9.49f3a4695c1b61e8a0808de3c4a106cb
                           .group:00000000 wm4._timeval.h.32.bec3221fa7a9bb0bdde696c9c57e47d2
                           .group:00000000 wm4.timespec.h.41.d855182eb0e690443ab8651bcedca6e1
                           .group:00000000 wm4.select.h.19.40cd3f2bfc456b193b790c2754690ebf
                           .group:00000000 wm4.types.h.51.5571ec98f267d17d3c670b7a3ba33afa
                           .group:00000000 wm4.sched.h.22.c60982713a5c428609783c78f9c78d95
                           .group:00000000 wm4._pthreadtypes.h.36.fcee9961c35163dde6267ef772ad1972
                           .group:00000000 wm4.stdio.h.2.4aa87247282eca6c8f36f9de33d8df1a
                           .group:00000000 wm4.stdio.h.81.932d0c162786b883f622b8d05c120c78
                           .group:00000000 wm4._intsup.h.10.48bafbb683905c4daa4565a85aeeb264
                           .group:00000000 wm4.stdint.h.23.d53047a68f4a85177f80b422d52785ed
                           .group:00000000 wm4.string.h.8.c4b8571ce60dff2817f43fec8b86aecd
                           .group:00000000 wm4.sr5e1xx.h.22.e5c808533cc52ed19fb0830cd7d98924
                           .group:00000000 wm4.cmsis_version.h.32.0f826810625204eca22a19868bdc7586
                           .group:00000000 wm4.core_cm7.h.66.8ab2de36917d6fcae18019067fda13e0
                           .group:00000000 wm4.cmsis_gcc.h.26.498d0ad17a45fc9ef20fdc01caf02259
                           .group:00000000 wm4.core_cm7.h.174.43edb295ecdaadad738f48ba6011ffad
                           .group:00000000 wm4.mpu_armv7.h.32.83326921a797fa9d6f70449916b4b839
                           .group:00000000 wm4.cachel1_armv7.h.32.abd77761a989e008b0c60891114a33c7
                           .group:00000000 wm4.SR5E1_ADC.h.14.21608e6aff125ba995dd767d6d8dc311
                           .group:00000000 wm4.SR5E1_CEM.h.14.01fe5742c8f1ae35b1f3af05932f702e
                           .group:00000000 wm4.SR5E1_CMU.h.14.2617b38b159abe38028862394531e06d
                           .group:00000000 wm4.SR5E1_COMP.h.14.4b6fdfe4f5f7fd9bedf3a99b98bdf4cd
                           .group:00000000 wm4.SR5E1_CORDIC.h.14.354fbf7c9eaf6963d38eaa25cf28ffe8
                           .group:00000000 wm4.SR5E1_CRC.h.14.c64d0f7767671ddb92e9ead0a1162100
                           .group:00000000 wm4.SR5E1_DAC.h.14.8c26a0ff04b0cfeb55306cc3f22187b8
                           .group:00000000 wm4.SR5E1_DBGMCU.h.14.427df893d53a8044654f017ba01c25ed
                           .group:00000000 wm4.SR5E1_DMA.h.14.a7f9a92f844b40a86965798c2e64240b
                           .group:00000000 wm4.SR5E1_DMAMUX.h.14.471b3b4dfd4d41515f1df49493698866
                           .group:00000000 wm4.SR5E1_EXTI.h.14.a325ea3fe89cd84894660551c33241ea
                           .group:00000000 wm4.SR5E1_FCCU.h.14.0ebf0f0f36e079d28613ad2c80e17e23
                           .group:00000000 wm4.SR5E1_FDCAN.h.14.ac57101fad5dbc798bfb93f34c899de7
                           .group:00000000 wm4.SR5E1_FLASH_REG_ITF.h.14.d23d1d44923f9b20b8c8fdb51d66aefd
                           .group:00000000 wm4.SR5E1_GPIO.h.14.1c84071e130d7c64b62470ab0e18a1f1
                           .group:00000000 wm4.SR5E1_HRTIM.h.24.03932387d2522e6bd5c772a4edaf2f5d
                           .group:00000000 wm4.SR5E1_HSEM.h.14.cbe70eee519f01b16452c3f8c99d8df1
                           .group:00000000 wm4.SR5E1_I2C.h.14.350ba3e0f4fd57828457efa80135c36c
                           .group:00000000 wm4.SR5E1_IMA.h.14.62b7088985ab2b7ce9b030a02daa1f7d
                           .group:00000000 wm4.SR5E1_IWDG.h.14.20b7c5f05cf7ae94464c360d7af3660d
                           .group:00000000 wm4.SR5E1_MEMU.h.14.04bad7ae4c52ce334a4fc900aad2ae5b
                           .group:00000000 wm4.SR5E1_NVM_CTRL.h.14.5f442617f0628d4f16258f211c614ef9
                           .group:00000000 wm4.SR5E1_PLLDIG.h.14.bd87a8e6917eee17dae2f312c8e5fa53
                           .group:00000000 wm4.SR5E1_PMC_DIG.h.14.54173b566c6656344766ec4ef46c9281
                           .group:00000000 wm4.SR5E1_RCC.h.14.56734803c71534de286e793a53649740
                           .group:00000000 wm4.SR5E1_RTC.h.14.47037cbc7d8175dbf2be1dc0bb955e3f
                           .group:00000000 wm4.SR5E1_SD_ADC.h.14.552b97d0b8f3c1fd4df6d8964b2f1a80
                           .group:00000000 wm4.SR5E1_SMPU.h.14.8ce5bb6d5d7c579cd725f492f46e9085
                           .group:00000000 wm4.SR5E1_SPI.h.14.42d52112e540f85ade4d9135f8b87d72
                           .group:00000000 wm4.SR5E1_SSCM.h.14.8e6a2ad0ce5fca422fc3d69939b6125b
                           .group:00000000 wm4.SR5E1_SYSCFG.h.14.02b969490118ce4069914b5e94f7ca65
                           .group:00000000 wm4.SR5E1_TDM.h.14.a40ed7928cad243a57fd233fccf01ad2
                           .group:00000000 wm4.SR5E1_TIM.h.14.05b8efc5395873619642d61a4b0b5a54
                           .group:00000000 wm4.SR5E1_UART.h.14.eec3ab82b02b3bdb3de500483675b83f
                           .group:00000000 wm4.SR5E1_WWDG.h.14.59b45efc70e442cc6ef03702aad4ad88
                           .group:00000000 wm4.stdbool.h.29.07dce69c3b78884144b7f7bd19483461
                           .group:00000000 wm4.typedefs.h.36.07fe3956b4e751037cfee70edcd0b397
                           .group:00000000 wm4.irq_numbers.h.38.6294b95aed1bf7b3a2cda0eed8ce8f57
                           .group:00000000 wm4.regs.h.23.2ac145b4f57126d16daed5fbd86d99c6
                           .group:00000000 wm4.stdarg.h.31.3fa7b8f6daaa31edd1696c08c77f2a73
                           .group:00000000 wm4.stdlib.h.13.4ed386f5c1a80d71e72172885d946ef2
                           .group:00000000 wm4.alloca.h.8.dfc0c703c47ec3e69746825b17d9e66d
                           .group:00000000 wm4.stdlib.h.56.f4862cfbf4363a1db01842d5bdf72c18
                           .group:00000000 wm4.zf_common_typedef.h.47.8c368673885c9d07221c267e15ab1069
                           .group:00000000 wm4.zf_common_debug.h.33.6d362bbaa8a8ff23e6f5c0a30bf7361f
                           .group:00000000 wm4.zf_common_fifo.h.33.e14e643902e26e4e65437b5b20e82793
                           .group:00000000 wm4.zf_common_function.h.33.02bbfb055e8ee322bc4f8b14ea195da2
                           .group:00000000 wm4.zf_common_memory.h.33.d43647290a4d62164ff2ec77cadb89d8
                           .group:00000000 wm4.saradc.h.25.e5a70aef9ec4fddf35f2b7cc0c9cf1bc
                           .group:00000000 wm4.gpio.h.25.d41a0c19fda8c2de42e666afb48ec15a
                           .group:00000000 wm4.zf_driver_gpio.h.65.5a4d2084c62fed7c22fdca02e748c198
                           .group:00000000 wm4.zf_driver_adc.h.64.349fb433626b42172b0e0fee038428ca
                           .group:00000000 wm4.can.h.25.3cfccb6c630ada4f656cab597e231e58
                           .group:00000000 wm4.dmamux.h.25.337aea179f6dbcc87c52aae26d38f76e
                           .group:00000000 wm4.clock_cfg.h.24.0aed3cee9ecce947225a304181294191
                           .group:00000000 wm4.clock.h.37.80236c5607fdd9eb9275e5111a4191c3
                           .group:00000000 wm4.irq.h.37.78714f25754c8b09d1428599101f6cc7
                           .group:00000000 wm4.dma.h.40.f77dd217a06ceba13a3cfdd4102a73c1
                           .group:00000000 wm4.zf_driver_can.h.67.fd10d2fa867eb54a54d4b57027d73a60
                           .group:00000000 wm4.tim.h.25.6e7ad96569e77a70a68b9b4cc59f54f2
                           .group:00000000 wm4.zf_driver_timer.h.33.8df253b6990d9861816977209fb11e90
                           .group:00000000 wm4.zf_driver_encoder.h.57.7e32999f25354fac086ca226b0c630d4
                           .group:00000000 wm4.exti.h.25.21597c35d9630b0985ce88d2c41f4ea4
                           .group:00000000 wm4.zf_driver_exti.h.59.1b02b8083e5295ef5baaf83905d59395
                           .group:00000000 wm4.ssd_types.h.29.b861f4e6d39d333f931bfc05b964cb1c
                           .group:00000000 wm4.ssd_C55.h.37.dad650468a97d71aff4dd65ca085590f
                           .group:00000000 wm4.zf_driver_flash.h.59.db93fe574c35ea9e79030063fbb35a13
                           .group:00000000 wm4.hrtim.h.25.1601aea9d4a0da1de8252dc444355251
                           .group:00000000 wm4.zf_driver_hrtim.h.64.cd8d2bf3bf1c471ea59d9c61e4a721d7
                           .group:00000000 wm4.zf_driver_interrupt.h.33.2c3660dcc36cb090bd75b8f180c14f27
                           .group:00000000 wm4.zf_driver_pit.h.33.834ac720a62e09d5603a9557331e9049
                           .group:00000000 wm4.zf_driver_pwm.h.33.7d80487064ca712231a453396685a551
                           .group:00000000 wm4.zf_driver_rcc.h.33.4c228cf40a79e1b974b30d5a9a3a77a7
                           .group:00000000 wm4.zf_driver_soft_iic.h.33.9067bd298084134f63c61c075f95fa2b
                           .group:00000000 wm4.zf_driver_soft_spi.h.33.a938287c023905d97cafe56e4be63674
                           .group:00000000 wm4.zf_driver_spi.h.62.950b1f52ed365034df2907601137b455
                           .group:00000000 wm4.zf_driver_system.h.33.370922a9681b47d575d2c83d302a180b
                           .group:00000000 wm4.bsp_uart.h.31.c709869491969cfdef8a75d6bfc161b7
                           .group:00000000 wm4.zf_driver_uart.h.68.14c9cf719d9cd0f517e5a4bcb943af75
                           .group:00000000 wm4.zf_device_gnss.h.66.39fe53860d2d190725612db126de8287

UNDEFINED SYMBOLS
gnss_init
gnss_data_parse
gnss_flag
memcpy
gnss_info
