   1              		.cpu cortex-m7
   2              		.arch armv7e-m
   3              		.fpu fpv5-d16
   4              		.eabi_attribute 28, 1
   5              		.eabi_attribute 20, 1
   6              		.eabi_attribute 21, 1
   7              		.eabi_attribute 23, 3
   8              		.eabi_attribute 24, 1
   9              		.eabi_attribute 25, 1
  10              		.eabi_attribute 26, 1
  11              		.eabi_attribute 30, 6
  12              		.eabi_attribute 34, 1
  13              		.eabi_attribute 18, 4
  14              		.file	"pid.c"
  15              		.text
  16              	.Ltext0:
  17              		.cfi_sections	.debug_frame
  18              		.section	.text.PID_Init,"ax",%progbits
  19              		.align	1
  20              		.p2align 4,,15
  21              		.global	PID_Init
  22              		.syntax unified
  23              		.thumb
  24              		.thumb_func
  26              	PID_Init:
  27              	.LFB0:
  28              		.file 1 "user_code/pid.c"
   1:user_code/pid.c **** #include "pid.h"
   2:user_code/pid.c **** 
   3:user_code/pid.c **** void PID_Init(PID_Controller *pid, float kp, float ki, float kd) {
  29              		.loc 1 3 66
  30              		.cfi_startproc
  31              		@ args = 0, pretend = 0, frame = 16
  32              		@ frame_needed = 0, uses_anonymous_args = 0
  33              		@ link register save eliminated.
  34 0000 84B0     		sub	sp, sp, #16
  35              		.cfi_def_cfa_offset 16
  36 0002 0390     		str	r0, [sp, #12]
  37 0004 8DED020A 		vstr.32	s0, [sp, #8]
  38 0008 CDED010A 		vstr.32	s1, [sp, #4]
  39 000c 8DED001A 		vstr.32	s2, [sp]
   4:user_code/pid.c ****     pid->Kp = kp;
  40              		.loc 1 4 13
  41 0010 039B     		ldr	r3, [sp, #12]
  42 0012 029A     		ldr	r2, [sp, #8]	@ float
  43 0014 1A60     		str	r2, [r3]	@ float
   5:user_code/pid.c ****     pid->Ki = ki;
  44              		.loc 1 5 13
  45 0016 039B     		ldr	r3, [sp, #12]
  46 0018 019A     		ldr	r2, [sp, #4]	@ float
  47 001a 5A60     		str	r2, [r3, #4]	@ float
   6:user_code/pid.c ****     pid->Kd = kd;
  48              		.loc 1 6 13
  49 001c 039B     		ldr	r3, [sp, #12]
  50 001e 009A     		ldr	r2, [sp]	@ float
  51 0020 9A60     		str	r2, [r3, #8]	@ float
   7:user_code/pid.c ****     pid->SetPoint = 0;
  52              		.loc 1 7 19
  53 0022 039B     		ldr	r3, [sp, #12]
  54 0024 4FF00002 		mov	r2, #0
  55 0028 DA60     		str	r2, [r3, #12]	@ float
   8:user_code/pid.c ****     pid->LastError = 0;
  56              		.loc 1 8 20
  57 002a 039B     		ldr	r3, [sp, #12]
  58 002c 4FF00002 		mov	r2, #0
  59 0030 1A61     		str	r2, [r3, #16]	@ float
   9:user_code/pid.c ****     pid->PrevError = 0;
  60              		.loc 1 9 20
  61 0032 039B     		ldr	r3, [sp, #12]
  62 0034 4FF00002 		mov	r2, #0
  63 0038 5A61     		str	r2, [r3, #20]	@ float
  10:user_code/pid.c **** }
  64              		.loc 1 10 1
  65 003a 00BF     		nop
  66 003c 04B0     		add	sp, sp, #16
  67              		.cfi_def_cfa_offset 0
  68              		@ sp needed
  69 003e 7047     		bx	lr
  70              		.cfi_endproc
  71              	.LFE0:
  73              		.section	.text.PID_SetPoint,"ax",%progbits
  74              		.align	1
  75              		.p2align 4,,15
  76              		.global	PID_SetPoint
  77              		.syntax unified
  78              		.thumb
  79              		.thumb_func
  81              	PID_SetPoint:
  82              	.LFB1:
  11:user_code/pid.c **** 
  12:user_code/pid.c **** void PID_SetPoint(PID_Controller *pid, float setpoint) {
  83              		.loc 1 12 56
  84              		.cfi_startproc
  85              		@ args = 0, pretend = 0, frame = 8
  86              		@ frame_needed = 0, uses_anonymous_args = 0
  87              		@ link register save eliminated.
  88 0000 82B0     		sub	sp, sp, #8
  89              		.cfi_def_cfa_offset 8
  90 0002 0190     		str	r0, [sp, #4]
  91 0004 8DED000A 		vstr.32	s0, [sp]
  13:user_code/pid.c ****     pid->SetPoint = setpoint;
  92              		.loc 1 13 19
  93 0008 019B     		ldr	r3, [sp, #4]
  94 000a 009A     		ldr	r2, [sp]	@ float
  95 000c DA60     		str	r2, [r3, #12]	@ float
  14:user_code/pid.c **** }
  96              		.loc 1 14 1
  97 000e 00BF     		nop
  98 0010 02B0     		add	sp, sp, #8
  99              		.cfi_def_cfa_offset 0
 100              		@ sp needed
 101 0012 7047     		bx	lr
 102              		.cfi_endproc
 103              	.LFE1:
 105              		.section	.text.PID_IncCalc,"ax",%progbits
 106              		.align	1
 107              		.p2align 4,,15
 108              		.global	PID_IncCalc
 109              		.syntax unified
 110              		.thumb
 111              		.thumb_func
 113              	PID_IncCalc:
 114              	.LFB2:
  15:user_code/pid.c **** 
  16:user_code/pid.c **** float PID_IncCalc(PID_Controller *pid, float feedback_value) {
 115              		.loc 1 16 62
 116              		.cfi_startproc
 117              		@ args = 0, pretend = 0, frame = 16
 118              		@ frame_needed = 0, uses_anonymous_args = 0
 119              		@ link register save eliminated.
 120 0000 84B0     		sub	sp, sp, #16
 121              		.cfi_def_cfa_offset 16
 122 0002 0190     		str	r0, [sp, #4]
 123 0004 8DED000A 		vstr.32	s0, [sp]
  17:user_code/pid.c ****     float error = pid->SetPoint - feedback_value;
 124              		.loc 1 17 22
 125 0008 019B     		ldr	r3, [sp, #4]
 126 000a 93ED037A 		vldr.32	s14, [r3, #12]
 127              		.loc 1 17 11
 128 000e DDED007A 		vldr.32	s15, [sp]
 129 0012 77EE677A 		vsub.f32	s15, s14, s15
 130 0016 CDED037A 		vstr.32	s15, [sp, #12]
  18:user_code/pid.c ****     float increment = pid->Kp * (error - pid->LastError) +
 131              		.loc 1 18 26
 132 001a 019B     		ldr	r3, [sp, #4]
 133 001c 93ED007A 		vldr.32	s14, [r3]
 134              		.loc 1 18 45
 135 0020 019B     		ldr	r3, [sp, #4]
 136 0022 D3ED047A 		vldr.32	s15, [r3, #16]
 137              		.loc 1 18 40
 138 0026 DDED036A 		vldr.32	s13, [sp, #12]
 139 002a 76EEE77A 		vsub.f32	s15, s13, s15
 140              		.loc 1 18 31
 141 002e 27EE277A 		vmul.f32	s14, s14, s15
  19:user_code/pid.c ****                       pid->Ki * error +
 142              		.loc 1 19 26
 143 0032 019B     		ldr	r3, [sp, #4]
 144 0034 D3ED016A 		vldr.32	s13, [r3, #4]
 145              		.loc 1 19 31
 146 0038 DDED037A 		vldr.32	s15, [sp, #12]
 147 003c 66EEA77A 		vmul.f32	s15, s13, s15
  18:user_code/pid.c ****     float increment = pid->Kp * (error - pid->LastError) +
 148              		.loc 1 18 58
 149 0040 37EE277A 		vadd.f32	s14, s14, s15
  20:user_code/pid.c ****                       pid->Kd * (error - 2 * pid->LastError + pid->PrevError);
 150              		.loc 1 20 26
 151 0044 019B     		ldr	r3, [sp, #4]
 152 0046 D3ED026A 		vldr.32	s13, [r3, #8]
 153              		.loc 1 20 49
 154 004a 019B     		ldr	r3, [sp, #4]
 155 004c D3ED047A 		vldr.32	s15, [r3, #16]
 156              		.loc 1 20 44
 157 0050 77EEA77A 		vadd.f32	s15, s15, s15
 158              		.loc 1 20 40
 159 0054 9DED036A 		vldr.32	s12, [sp, #12]
 160 0058 36EE676A 		vsub.f32	s12, s12, s15
 161              		.loc 1 20 66
 162 005c 019B     		ldr	r3, [sp, #4]
 163 005e D3ED057A 		vldr.32	s15, [r3, #20]
 164              		.loc 1 20 61
 165 0062 76EE277A 		vadd.f32	s15, s12, s15
 166              		.loc 1 20 31
 167 0066 66EEA77A 		vmul.f32	s15, s13, s15
  18:user_code/pid.c ****     float increment = pid->Kp * (error - pid->LastError) +
 168              		.loc 1 18 11
 169 006a 77EE277A 		vadd.f32	s15, s14, s15
 170 006e CDED027A 		vstr.32	s15, [sp, #8]
  21:user_code/pid.c ****     pid->PrevError = pid->LastError;
 171              		.loc 1 21 25
 172 0072 019B     		ldr	r3, [sp, #4]
 173 0074 1A69     		ldr	r2, [r3, #16]	@ float
 174              		.loc 1 21 20
 175 0076 019B     		ldr	r3, [sp, #4]
 176 0078 5A61     		str	r2, [r3, #20]	@ float
  22:user_code/pid.c ****     pid->LastError = error;
 177              		.loc 1 22 20
 178 007a 019B     		ldr	r3, [sp, #4]
 179 007c 039A     		ldr	r2, [sp, #12]	@ float
 180 007e 1A61     		str	r2, [r3, #16]	@ float
  23:user_code/pid.c ****     return increment;
 181              		.loc 1 23 12
 182 0080 029B     		ldr	r3, [sp, #8]	@ float
 183 0082 07EE903A 		vmov	s15, r3
  24:user_code/pid.c **** }/*
 184              		.loc 1 24 1
 185 0086 B0EE670A 		vmov.f32	s0, s15
 186 008a 04B0     		add	sp, sp, #16
 187              		.cfi_def_cfa_offset 0
 188              		@ sp needed
 189 008c 7047     		bx	lr
 190              		.cfi_endproc
 191              	.LFE2:
 193 008e 00BF     		.text
 194              	.Letext0:
 195              		.file 2 "user_code/pid.h"
DEFINED SYMBOLS
                            *ABS*:00000000 pid.c
C:\Users\20766\AppData\Local\Temp\cctecZfk.s:19     .text.PID_Init:00000000 $t
C:\Users\20766\AppData\Local\Temp\cctecZfk.s:26     .text.PID_Init:00000000 PID_Init
C:\Users\20766\AppData\Local\Temp\cctecZfk.s:74     .text.PID_SetPoint:00000000 $t
C:\Users\20766\AppData\Local\Temp\cctecZfk.s:81     .text.PID_SetPoint:00000000 PID_SetPoint
C:\Users\20766\AppData\Local\Temp\cctecZfk.s:106    .text.PID_IncCalc:00000000 $t
C:\Users\20766\AppData\Local\Temp\cctecZfk.s:113    .text.PID_IncCalc:00000000 PID_IncCalc
                           .group:00000000 wm4.0.1ea29c7543256e0887205fa7f8c557c8

NO UNDEFINED SYMBOLS
