   1              		.cpu cortex-m7
   2              		.arch armv7e-m
   3              		.fpu fpv5-d16
   4              		.eabi_attribute 28, 1
   5              		.eabi_attribute 20, 1
   6              		.eabi_attribute 21, 1
   7              		.eabi_attribute 23, 3
   8              		.eabi_attribute 24, 1
   9              		.eabi_attribute 25, 1
  10              		.eabi_attribute 26, 1
  11              		.eabi_attribute 30, 6
  12              		.eabi_attribute 34, 1
  13              		.eabi_attribute 18, 4
  14              		.file	"servo.c"
  15              		.text
  16              	.Ltext0:
  17              		.cfi_sections	.debug_frame
  18              		.section	.text.servo_init,"ax",%progbits
  19              		.align	1
  20              		.p2align 4,,15
  21              		.global	servo_init
  22              		.syntax unified
  23              		.thumb
  24              		.thumb_func
  26              	servo_init:
  27              	.LFB482:
  28              		.file 1 "user_code/servo.c"
   1:user_code/servo.c **** /**************************************************************************************************
   2:user_code/servo.c ****  * @file        servo.c
   3:user_code/servo.c ****  * @brief       èˆµæœºé©±åŠ¨æ¨¡å—ï¼Œæä¾›è§’åº¦æ§åˆ¶åŠŸèƒ½
   4:user_code/servo.c ****  * @version     1.1
   5:user_code/servo.c ****  * @date        2023-10-27
   6:user_code/servo.c ****  * @author      (Your Name)
   7:user_code/servo.c ****  *
   8:user_code/servo.c ****  * @note
   9:user_code/servo.c ****  * V1.0 2023-10-26: åˆå§‹ç‰ˆæœ¬ï¼Œå®ç°åŸºæœ¬çš„è§’åº¦è®¾ç½®åŠŸèƒ½ã€‚
  10:user_code/servo.c ****  * V1.1 2023-10-27: ä¼˜åŒ–ä»£ç ï¼Œä½¿ç”¨å®å®šä¹‰æ¶ˆé™¤é­”æ³•æ•°å­—ï¼Œæé«˜å¯è¯»æ€§å’Œå¯ç»´æŠ¤æ
  11:user_code/servo.c ****  *                  å¢åŠ äº†æ›´è¯¦ç»†çš„æ³¨é‡Šè¯´æ˜ã€‚
  12:user_code/servo.c ****  *
  13:user_code/servo.c ****  * æœ¬æ¨¡å—åŸºäºé€é£ç§‘æŠ€ Stellar-SR5E1E3 å¼€æºåº“è¿›è¡Œå¼€å‘ã€‚
  14:user_code/servo.c ****  **************************************************************************************************
  15:user_code/servo.c **** 
  16:user_code/servo.c **** #include "servo.h"                  // åŒ…å«èˆµæœºæ¨¡å—è‡ªå·±çš„å¤´æ–‡ä»¶
  17:user_code/servo.c **** #include "zf_libraries_headfile.h"  // å¿…é¡»åŒ…å«é€é£åº“çš„å¤´æ–‡ä»¶æ‰èƒ½ä½¿ç”¨ zf_... ç³»åˆ—å
  18:user_code/servo.c **** 
  19:user_code/servo.c **** //=================================================================================================
  20:user_code/servo.c **** // æ¨¡å—é…ç½®åŒº
  21:user_code/servo.c **** //=================================================================================================
  22:user_code/servo.c **** 
  23:user_code/servo.c **** //-------------------------------------------------------------------------------------------------
  24:user_code/servo.c **** // 1. ç¡¬ä»¶è¿æ¥é…ç½® (Hardware Connection Configuration)
  25:user_code/servo.c **** //    è¯·æ ¹æ®ä½ çš„å®é™…æ¥çº¿ï¼Œä¿®æ”¹ä¸‹é¢çš„å®å®šä¹‰ã€‚è¿™æ˜¯ä½¿ç”¨æœ¬æ¨¡å—å‰å¿…é¡»ç¡®è®¤
  26:user_code/servo.c **** //
  27:user_code/servo.c **** //    - SERVO_PWM_CH:   èˆµæœºä¿¡å·çº¿è¿æ¥çš„PWMé€šé“ã€‚
  28:user_code/servo.c **** //                      ä½ å¯ä»¥åœ¨ zf_driver_pwm.h æ–‡ä»¶ä¸­æ‰¾åˆ°æ‰€æœ‰å¯ç”¨çš„PWMé€šé“å®šä¹‰ã
  29:user_code/servo.c **** //                      ä¾‹å¦‚ï¼Œå¦‚æœä½ çš„èˆµæœºæ¥åœ¨äº† H0 å¼•è„šä¸Šï¼Œè¿™é‡Œå°±åº”è¯¥æ˜¯ PWM_
  30:user_code/servo.c **** //
  31:user_code/servo.c **** //    - SERVO_PWM_TIMER: SERVO_PWM_CH æ‰€å±çš„å®šæ—¶å™¨ã€‚
  32:user_code/servo.c **** //                       ä¾‹å¦‚ï¼ŒPWM_TIM3_CH3_H0 å±äº PWM_TIM3 å®šæ—¶å™¨ã€‚
  33:user_code/servo.c **** //-------------------------------------------------------------------------------------------------
  34:user_code/servo.c **** #define SERVO_PWM_CH            (PWM_TIM8_CH1_I0)
  35:user_code/servo.c **** #define SERVO_PWM_TIMER         (PWM_TIM8)
  36:user_code/servo.c **** 
  37:user_code/servo.c **** 
  38:user_code/servo.c **** //-------------------------------------------------------------------------------------------------
  39:user_code/servo.c **** // 2. èˆµæœºå‚æ•°é…ç½® (Servo Parameter Configuration)
  40:user_code/servo.c **** //    è¿™éƒ¨åˆ†å®šä¹‰äº†èˆµæœºçš„ç‰©ç†å’Œä¿¡å·ç‰¹æ€§ï¼Œå¾®è°ƒå¯ä»¥æé«˜æ§åˆ¶ç²¾åº¦ã€‚
  41:user_code/servo.c **** //-------------------------------------------------------------------------------------------------
  42:user_code/servo.c **** #define SERVO_FREQUENCY_HZ          (50)    // èˆµæœºæ§åˆ¶é¢‘ç‡ï¼Œæ ‡å‡†ä¸º 50Hzï¼Œä¸€èˆ¬ä¸å»ºè®
  43:user_code/servo.c **** #define SERVO_PERIOD_US             (1000000 / SERVO_FREQUENCY_HZ) // è‡ªåŠ¨è®¡ç®—PWMå‘¨æœŸ (å•ä½
  44:user_code/servo.c **** 
  45:user_code/servo.c **** // å®šä¹‰èˆµæœºçš„ç‰©ç†è§’åº¦é™åˆ¶ï¼Œç”¨äºæ˜ å°„
  46:user_code/servo.c **** #define SERVO_MIN_ANGLE             (0)
  47:user_code/servo.c **** #define SERVO_MAX_ANGLE             (180)
  48:user_code/servo.c **** 
  49:user_code/servo.c **** // å®šä¹‰èˆµæœºåœ¨æœ€å°å’Œæœ€å¤§è§’åº¦æ—¶å¯¹åº”çš„è„‰å†²å®½åº¦ï¼ˆå•ä½ï¼šå¾®ç§’ usï¼‰ã€‚
  50:user_code/servo.c **** // 500us-2500us æ˜¯ä¸€ä¸ªæ¯”è¾ƒå®½æ³›ä¸”å…¼å®¹æ€§å¥½çš„èŒƒå›´ï¼Œé€‚ç”¨äºå¤§å¤šæ•°èˆµæœºã€‚
  51:user_code/servo.c **** // ä½ å¯ä»¥æ ¹æ®ä½ çš„èˆµæœºæ‰‹å†Œæˆ–å®é™…æµ‹è¯•è¿›è¡Œå¾®è°ƒï¼Œä»¥è·å¾—æ›´ç²¾ç¡®çš„è§’åº¦ã€‚
  52:user_code/servo.c **** #define SERVO_MIN_PULSE_WIDTH_US    (500)
  53:user_code/servo.c **** #define SERVO_MAX_PULSE_WIDTH_US    (2500)
  54:user_code/servo.c **** 
  55:user_code/servo.c **** 
  56:user_code/servo.c **** //=================================================================================================
  57:user_code/servo.c **** // å‡½æ•°å®ç°åŒº
  58:user_code/servo.c **** //=================================================================================================
  59:user_code/servo.c **** 
  60:user_code/servo.c **** /**
  61:user_code/servo.c ****  * @brief      èˆµæœºæ¨¡å—åˆå§‹åŒ–
  62:user_code/servo.c ****  * @details    è¯¥å‡½æ•°ä¼šæ ¹æ®ä¸Šé¢é…ç½®çš„å‚æ•°ï¼Œåˆå§‹åŒ–ç”¨äºèˆµæœºæ§åˆ¶çš„PWMæ¨¡å—å’Œ
  63:user_code/servo.c ****  *             åº”è¯¥åœ¨ä¸»ç¨‹åºçš„å¼€å§‹éƒ¨åˆ†è¢«è°ƒç”¨ä¸€æ¬¡ã€‚
  64:user_code/servo.c ****  */
  65:user_code/servo.c **** void servo_init(void)
  66:user_code/servo.c **** {
  29              		.loc 1 66 1
  30              		.cfi_startproc
  31              		@ args = 0, pretend = 0, frame = 0
  32              		@ frame_needed = 0, uses_anonymous_args = 0
  33 0000 08B5     		push	{r3, lr}
  34              		.cfi_def_cfa_offset 8
  35              		.cfi_offset 3, -8
  36              		.cfi_offset 14, -4
  67:user_code/servo.c ****     // åˆå§‹åŒ–èˆµæœºä½¿ç”¨çš„PWMå®šæ—¶å™¨æ¨¡å—ï¼Œé¢‘ç‡å¿…é¡»è®¾ç½®ä¸º SERVO_FREQUENCY_HZ
  68:user_code/servo.c ****     zf_pwm_module_init(SERVO_PWM_TIMER, PWM_ALIGNMENT_EDGE, SERVO_FREQUENCY_HZ);
  37              		.loc 1 68 5
  38 0002 3222     		movs	r2, #50
  39 0004 0021     		movs	r1, #0
  40 0006 0120     		movs	r0, #1
  41 0008 FFF7FEFF 		bl	zf_pwm_module_init
  69:user_code/servo.c **** 
  70:user_code/servo.c ****     // åˆå§‹åŒ–èˆµæœºè¿æ¥çš„PWMé€šé“ï¼Œåˆå§‹å ç©ºæ¯”ä¸º0ï¼ˆèˆµæœºæ— åŠ›ï¼‰
  71:user_code/servo.c ****     // å¦‚æœå¸Œæœ›ä¸Šç”µåèˆµæœºç›´æ¥å›åˆ°æŸä¸ªä½ç½®ï¼ˆå¦‚ä¸­ä½90åº¦ï¼‰ï¼Œå¯ä»¥è°ƒç”¨ set_s
  72:user_code/servo.c ****     zf_pwm_channel_init(SERVO_PWM_CH, 0);
  42              		.loc 1 72 5
  43 000c 0021     		movs	r1, #0
  44 000e 0248     		ldr	r0, .L2
  45 0010 FFF7FEFF 		bl	zf_pwm_channel_init
  73:user_code/servo.c **** }
  46              		.loc 1 73 1
  47 0014 00BF     		nop
  48 0016 08BD     		pop	{r3, pc}
  49              	.L3:
  50              		.align	2
  51              	.L2:
  52 0018 00410100 		.word	82176
  53              		.cfi_endproc
  54              	.LFE482:
  56              		.section	.text.set_servo_angle,"ax",%progbits
  57              		.align	1
  58              		.p2align 4,,15
  59              		.global	set_servo_angle
  60              		.syntax unified
  61              		.thumb
  62              		.thumb_func
  64              	set_servo_angle:
  65              	.LFB483:
  74:user_code/servo.c **** 
  75:user_code/servo.c **** 
  76:user_code/servo.c **** /**
  77:user_code/servo.c ****  * @brief      è®¾ç½®èˆµæœºæ—‹è½¬åˆ°æŒ‡å®šè§’åº¦
  78:user_code/servo.c ****  * @param      angle   ç›®æ ‡è§’åº¦ï¼Œæœ‰æ•ˆèŒƒå›´ç”± SERVO_MIN_ANGLE å’Œ SERVO_MAX_ANGLE å®šä¹‰ã€‚
  79:user_code/servo.c ****  *                     è¶…å‡ºèŒƒå›´çš„å€¼ä¼šè¢«è‡ªåŠ¨é™åˆ¶åœ¨èŒƒå›´å†…ã€‚
  80:user_code/servo.c ****  * @details    æœ¬å‡½æ•°å°†è¾“å…¥çš„è§’åº¦å€¼ï¼Œé€šè¿‡çº¿æ€§æ˜ å°„è®¡ç®—å‡ºå¯¹åº”çš„è„‰å†²å®½åº¦ï¼Œ
  81:user_code/servo.c ****  *             å†è½¬æ¢ä¸ºé€é£åº“æ‰€éœ€çš„å ç©ºæ¯”æ•°å€¼ï¼Œæœ€åé€šè¿‡PWMä¿¡å·é©±åŠ¨èˆµæœºã€‚
  82:user_code/servo.c ****  */
  83:user_code/servo.c **** void set_servo_angle(int angle)
  84:user_code/servo.c **** {
  66              		.loc 1 84 1
  67              		.cfi_startproc
  68              		@ args = 0, pretend = 0, frame = 16
  69              		@ frame_needed = 0, uses_anonymous_args = 0
  70 0000 00B5     		push	{lr}
  71              		.cfi_def_cfa_offset 4
  72              		.cfi_offset 14, -4
  73 0002 85B0     		sub	sp, sp, #20
  74              		.cfi_def_cfa_offset 24
  75 0004 0190     		str	r0, [sp, #4]
  85:user_code/servo.c ****     uint32_t pulse_width_us;
  86:user_code/servo.c ****     uint16_t duty_value;
  87:user_code/servo.c **** 
  88:user_code/servo.c ****     // --- æ­¥éª¤ 1: å¯¹è¾“å…¥è§’åº¦è¿›è¡Œé™å¹…ï¼Œé˜²æ­¢è¶…å‡ºç‰©ç†èŒƒå›´ ---
  89:user_code/servo.c ****     if (angle < SERVO_MIN_ANGLE)
  76              		.loc 1 89 8
  77 0006 019B     		ldr	r3, [sp, #4]
  78 0008 002B     		cmp	r3, #0
  79 000a 01DA     		bge	.L5
  90:user_code/servo.c ****     {
  91:user_code/servo.c ****         angle = SERVO_MIN_ANGLE;
  80              		.loc 1 91 15
  81 000c 0023     		movs	r3, #0
  82 000e 0193     		str	r3, [sp, #4]
  83              	.L5:
  92:user_code/servo.c ****     }
  93:user_code/servo.c ****     if (angle > SERVO_MAX_ANGLE)
  84              		.loc 1 93 8
  85 0010 019B     		ldr	r3, [sp, #4]
  86 0012 B42B     		cmp	r3, #180
  87 0014 01DD     		ble	.L6
  94:user_code/servo.c ****     {
  95:user_code/servo.c ****         angle = SERVO_MAX_ANGLE;
  88              		.loc 1 95 15
  89 0016 B423     		movs	r3, #180
  90 0018 0193     		str	r3, [sp, #4]
  91              	.L6:
  96:user_code/servo.c ****     }
  97:user_code/servo.c **** 
  98:user_code/servo.c ****     // --- æ­¥éª¤ 2: å°†è§’åº¦å€¼çº¿æ€§æ˜ å°„åˆ°è„‰å†²å®½åº¦ (å•ä½: us) ---
  99:user_code/servo.c ****     // è¿™æ˜¯ä¸€ä¸ªæ ‡å‡†çš„çº¿æ€§æ˜ å°„å…¬å¼: y = y_min + (x - x_min) * (y_max - y_min) / (x_max 
 100:user_code/servo.c ****     pulse_width_us = SERVO_MIN_PULSE_WIDTH_US +
 101:user_code/servo.c ****                      (uint32_t)((angle - SERVO_MIN_ANGLE) * (SERVO_MAX_PULSE_WIDTH_US - SERVO_MIN_P
  92              		.loc 1 101 59
  93 001a 019B     		ldr	r3, [sp, #4]
  94 001c 4FF4FA62 		mov	r2, #2000
  95 0020 02FB03F3 		mul	r3, r2, r3
  96              		.loc 1 101 115
  97 0024 0F4A     		ldr	r2, .L7
  98 0026 82FB0312 		smull	r1, r2, r2, r3
  99 002a 1A44     		add	r2, r2, r3
 100 002c D211     		asrs	r2, r2, #7
 101 002e DB17     		asrs	r3, r3, #31
 102 0030 D31A     		subs	r3, r2, r3
 100:user_code/servo.c ****                      (uint32_t)((angle - SERVO_MIN_ANGLE) * (SERVO_MAX_PULSE_WIDTH_US - SERVO_MIN_P
 103              		.loc 1 100 20
 104 0032 03F5FA73 		add	r3, r3, #500
 105 0036 0393     		str	r3, [sp, #12]
 102:user_code/servo.c **** 
 103:user_code/servo.c ****     // --- æ­¥éª¤ 3: å°†è®¡ç®—å‡ºçš„è„‰å†²å®½åº¦(us)è½¬æ¢ä¸ºé€é£åº“æ‰€éœ€çš„å ç©ºæ¯”å€¼ ---
 104:user_code/servo.c ****     // åº“å ç©ºæ¯”å€¼ = (è„‰å®½ / æ€»å‘¨æœŸ) * åº“å®šä¹‰çš„æœ€å¤§å ç©ºæ¯”å€¼
 105:user_code/servo.c ****     // ä½¿ç”¨å®å®šä¹‰ï¼Œé¿å…åœ¨ä»£ç ä¸­å‡ºç°é­”æ³•æ•°å­—
 106:user_code/servo.c ****     duty_value = (uint16_t)((pulse_width_us * PWM_DUTY_MAX) / SERVO_PERIOD_US);
 106              		.loc 1 106 45
 107 0038 039B     		ldr	r3, [sp, #12]
 108 003a 42F21072 		movw	r2, #10000
 109 003e 02FB03F3 		mul	r3, r2, r3
 110              		.loc 1 106 61
 111 0042 094A     		ldr	r2, .L7+4
 112 0044 A2FB0323 		umull	r2, r3, r2, r3
 113 0048 9B0B     		lsrs	r3, r3, #14
 114              		.loc 1 106 16
 115 004a ADF80A30 		strh	r3, [sp, #10]	@ movhi
 107:user_code/servo.c **** 
 108:user_code/servo.c ****     // --- æ­¥éª¤ 4: è®¾ç½®PWMå ç©ºæ¯”ï¼Œé©±åŠ¨èˆµæœºè½¬åŠ¨ ---
 109:user_code/servo.c ****     zf_pwm_set_duty(SERVO_PWM_CH, duty_value);
 116              		.loc 1 109 5
 117 004e BDF80A30 		ldrh	r3, [sp, #10]
 118 0052 1946     		mov	r1, r3
 119 0054 0548     		ldr	r0, .L7+8
 120 0056 FFF7FEFF 		bl	zf_pwm_set_duty
 110:user_code/servo.c **** }
 121              		.loc 1 110 1
 122 005a 00BF     		nop
 123 005c 05B0     		add	sp, sp, #20
 124              		.cfi_def_cfa_offset 4
 125              		@ sp needed
 126 005e 5DF804FB 		ldr	pc, [sp], #4
 127              	.L8:
 128 0062 00BF     		.align	2
 129              	.L7:
 130 0064 B7600BB6 		.word	-1240768329
 131 0068 5917B7D1 		.word	-776530087
 132 006c 00410100 		.word	82176
 133              		.cfi_endproc
 134              	.LFE483:
 136              		.text
 137              	.Letext0:
 138              		.file 2 "c:\\stellarstudio-7.1\\sdks\\tools-1.4.0\\toolchain\\arm\\mingw64_nt\\10.3-2021.10\\arm-n
 139              		.file 3 "c:\\stellarstudio-7.1\\sdks\\tools-1.4.0\\toolchain\\arm\\mingw64_nt\\10.3-2021.10\\arm-n
 140              		.file 4 "libraries/zf_driver/zf_driver_pwm.h"
DEFINED SYMBOLS
                            *ABS*:00000000 servo.c
C:\Users\20766\AppData\Local\Temp\cc4uFZdy.s:19     .text.servo_init:00000000 $t
C:\Users\20766\AppData\Local\Temp\cc4uFZdy.s:26     .text.servo_init:00000000 servo_init
C:\Users\20766\AppData\Local\Temp\cc4uFZdy.s:52     .text.servo_init:00000018 $d
C:\Users\20766\AppData\Local\Temp\cc4uFZdy.s:57     .text.set_servo_angle:00000000 $t
C:\Users\20766\AppData\Local\Temp\cc4uFZdy.s:64     .text.set_servo_angle:00000000 set_servo_angle
C:\Users\20766\AppData\Local\Temp\cc4uFZdy.s:130    .text.set_servo_angle:00000064 $d
                           .group:00000000 wm4.0.1ea29c7543256e0887205fa7f8c557c8
                           .group:00000000 wm4._newlib_version.h.4.bfdf54b0af045d4a71376ae00f63a22c
                           .group:00000000 wm4.newlib.h.18.1c9fedb6b3cd797cff253cc0fd593ef2
                           .group:00000000 wm4.ieeefp.h.77.2bc94c1d1ed8b02df437510a04ac1e45
                           .group:00000000 wm4.features.h.22.026edb2397769f4ae13f35900dbdb560
                           .group:00000000 wm4.config.h.224.c701144a7b0518c6ee9b9b5465b79f81
                           .group:00000000 wm4._ansi.h.31.de524f58584151836e90d8620a16f8e8
                           .group:00000000 wm4.stdio.h.31.7c0e28c411445f3f9c5b11accf882760
                           .group:00000000 wm4._default_types.h.6.959254cf5f09734ea7516c89e8bb21bd
                           .group:00000000 wm4.stddef.h.181.c3f52a3b0f4c288bddb5dda1562858e2
                           .group:00000000 wm4.cdefs.h.49.a54b2d5c07711bc7320a3fea9f12cb56
                           .group:00000000 wm4.stddef.h.39.c161261b198ee3a963897077fd6fa59f
                           .group:00000000 wm4.stdarg.h.34.3a23a216c0c293b3d2ea2e89281481e6
                           .group:00000000 wm4._types.h.20.dd0d04dca3800a0d2a6129b87f3adbb2
                           .group:00000000 wm4.stddef.h.155.3588ebfdd1e8c7ede80509bb9c3b8009
                           .group:00000000 wm4._types.h.127.34941de1b2539d59d5cac00e0dd27a45
                           .group:00000000 wm4.reent.h.17.e292bf8b0bec6c96e131a54347145a30
                           .group:00000000 wm4.lock.h.2.1461d1fff82dffe8bfddc23307f6484f
                           .group:00000000 wm4.reent.h.77.dcd6129ff07fe81bd5636db29abe53b2
                           .group:00000000 wm4.types.h.40.8b6acba56cefbb11746718204edc8f5e
                           .group:00000000 wm4._stdint.h.10.c24fa3af3bc1706662bb5593a907e841
                           .group:00000000 wm4._endian.h.31.65a10590763c3dde1ac4a7f66d7d4891
                           .group:00000000 wm4.endian.h.9.49f3a4695c1b61e8a0808de3c4a106cb
                           .group:00000000 wm4._timeval.h.32.bec3221fa7a9bb0bdde696c9c57e47d2
                           .group:00000000 wm4.timespec.h.41.d855182eb0e690443ab8651bcedca6e1
                           .group:00000000 wm4.select.h.19.40cd3f2bfc456b193b790c2754690ebf
                           .group:00000000 wm4.types.h.51.5571ec98f267d17d3c670b7a3ba33afa
                           .group:00000000 wm4.sched.h.22.c60982713a5c428609783c78f9c78d95
                           .group:00000000 wm4._pthreadtypes.h.36.fcee9961c35163dde6267ef772ad1972
                           .group:00000000 wm4.stdio.h.2.4aa87247282eca6c8f36f9de33d8df1a
                           .group:00000000 wm4.stdio.h.81.932d0c162786b883f622b8d05c120c78
                           .group:00000000 wm4._intsup.h.10.48bafbb683905c4daa4565a85aeeb264
                           .group:00000000 wm4.stdint.h.23.d53047a68f4a85177f80b422d52785ed
                           .group:00000000 wm4.string.h.8.c4b8571ce60dff2817f43fec8b86aecd
                           .group:00000000 wm4.stddef.h.155.ba788add86a0e365f264484f110c3c29
                           .group:00000000 wm4.sr5e1xx.h.22.e5c808533cc52ed19fb0830cd7d98924
                           .group:00000000 wm4.cmsis_version.h.32.0f826810625204eca22a19868bdc7586
                           .group:00000000 wm4.core_cm7.h.66.8ab2de36917d6fcae18019067fda13e0
                           .group:00000000 wm4.cmsis_gcc.h.26.498d0ad17a45fc9ef20fdc01caf02259
                           .group:00000000 wm4.core_cm7.h.174.43edb295ecdaadad738f48ba6011ffad
                           .group:00000000 wm4.mpu_armv7.h.32.83326921a797fa9d6f70449916b4b839
                           .group:00000000 wm4.cachel1_armv7.h.32.abd77761a989e008b0c60891114a33c7
                           .group:00000000 wm4.SR5E1_ADC.h.14.21608e6aff125ba995dd767d6d8dc311
                           .group:00000000 wm4.SR5E1_CEM.h.14.01fe5742c8f1ae35b1f3af05932f702e
                           .group:00000000 wm4.SR5E1_CMU.h.14.2617b38b159abe38028862394531e06d
                           .group:00000000 wm4.SR5E1_COMP.h.14.4b6fdfe4f5f7fd9bedf3a99b98bdf4cd
                           .group:00000000 wm4.SR5E1_CORDIC.h.14.354fbf7c9eaf6963d38eaa25cf28ffe8
                           .group:00000000 wm4.SR5E1_CRC.h.14.c64d0f7767671ddb92e9ead0a1162100
                           .group:00000000 wm4.SR5E1_DAC.h.14.8c26a0ff04b0cfeb55306cc3f22187b8
                           .group:00000000 wm4.SR5E1_DBGMCU.h.14.427df893d53a8044654f017ba01c25ed
                           .group:00000000 wm4.SR5E1_DMA.h.14.a7f9a92f844b40a86965798c2e64240b
                           .group:00000000 wm4.SR5E1_DMAMUX.h.14.471b3b4dfd4d41515f1df49493698866
                           .group:00000000 wm4.SR5E1_EXTI.h.14.a325ea3fe89cd84894660551c33241ea
                           .group:00000000 wm4.SR5E1_FCCU.h.14.0ebf0f0f36e079d28613ad2c80e17e23
                           .group:00000000 wm4.SR5E1_FDCAN.h.14.ac57101fad5dbc798bfb93f34c899de7
                           .group:00000000 wm4.SR5E1_FLASH_REG_ITF.h.14.d23d1d44923f9b20b8c8fdb51d66aefd
                           .group:00000000 wm4.SR5E1_GPIO.h.14.1c84071e130d7c64b62470ab0e18a1f1
                           .group:00000000 wm4.SR5E1_HRTIM.h.24.03932387d2522e6bd5c772a4edaf2f5d
                           .group:00000000 wm4.SR5E1_HSEM.h.14.cbe70eee519f01b16452c3f8c99d8df1
                           .group:00000000 wm4.SR5E1_I2C.h.14.350ba3e0f4fd57828457efa80135c36c
                           .group:00000000 wm4.SR5E1_IMA.h.14.62b7088985ab2b7ce9b030a02daa1f7d
                           .group:00000000 wm4.SR5E1_IWDG.h.14.20b7c5f05cf7ae94464c360d7af3660d
                           .group:00000000 wm4.SR5E1_MEMU.h.14.04bad7ae4c52ce334a4fc900aad2ae5b
                           .group:00000000 wm4.SR5E1_NVM_CTRL.h.14.5f442617f0628d4f16258f211c614ef9
                           .group:00000000 wm4.SR5E1_PLLDIG.h.14.bd87a8e6917eee17dae2f312c8e5fa53
                           .group:00000000 wm4.SR5E1_PMC_DIG.h.14.54173b566c6656344766ec4ef46c9281
                           .group:00000000 wm4.SR5E1_RCC.h.14.56734803c71534de286e793a53649740
                           .group:00000000 wm4.SR5E1_RTC.h.14.47037cbc7d8175dbf2be1dc0bb955e3f
                           .group:00000000 wm4.SR5E1_SD_ADC.h.14.552b97d0b8f3c1fd4df6d8964b2f1a80
                           .group:00000000 wm4.SR5E1_SMPU.h.14.8ce5bb6d5d7c579cd725f492f46e9085
                           .group:00000000 wm4.SR5E1_SPI.h.14.42d52112e540f85ade4d9135f8b87d72
                           .group:00000000 wm4.SR5E1_SSCM.h.14.8e6a2ad0ce5fca422fc3d69939b6125b
                           .group:00000000 wm4.SR5E1_SYSCFG.h.14.02b969490118ce4069914b5e94f7ca65
                           .group:00000000 wm4.SR5E1_TDM.h.14.a40ed7928cad243a57fd233fccf01ad2
                           .group:00000000 wm4.SR5E1_TIM.h.14.05b8efc5395873619642d61a4b0b5a54
                           .group:00000000 wm4.SR5E1_UART.h.14.eec3ab82b02b3bdb3de500483675b83f
                           .group:00000000 wm4.SR5E1_WWDG.h.14.59b45efc70e442cc6ef03702aad4ad88
                           .group:00000000 wm4.stdbool.h.29.07dce69c3b78884144b7f7bd19483461
                           .group:00000000 wm4.typedefs.h.36.07fe3956b4e751037cfee70edcd0b397
                           .group:00000000 wm4.irq_numbers.h.38.6294b95aed1bf7b3a2cda0eed8ce8f57
                           .group:00000000 wm4.regs.h.23.2ac145b4f57126d16daed5fbd86d99c6
                           .group:00000000 wm4.stdarg.h.31.3fa7b8f6daaa31edd1696c08c77f2a73
                           .group:00000000 wm4.stdlib.h.13.4ed386f5c1a80d71e72172885d946ef2
                           .group:00000000 wm4.alloca.h.8.dfc0c703c47ec3e69746825b17d9e66d
                           .group:00000000 wm4.stdlib.h.56.f4862cfbf4363a1db01842d5bdf72c18
                           .group:00000000 wm4.zf_common_typedef.h.47.8c368673885c9d07221c267e15ab1069
                           .group:00000000 wm4.zf_common_debug.h.33.6d362bbaa8a8ff23e6f5c0a30bf7361f
                           .group:00000000 wm4.zf_common_fifo.h.33.e14e643902e26e4e65437b5b20e82793
                           .group:00000000 wm4.zf_common_function.h.33.02bbfb055e8ee322bc4f8b14ea195da2
                           .group:00000000 wm4.zf_common_memory.h.33.d43647290a4d62164ff2ec77cadb89d8
                           .group:00000000 wm4.saradc.h.25.e5a70aef9ec4fddf35f2b7cc0c9cf1bc
                           .group:00000000 wm4.gpio.h.25.d41a0c19fda8c2de42e666afb48ec15a
                           .group:00000000 wm4.zf_driver_gpio.h.65.5a4d2084c62fed7c22fdca02e748c198
                           .group:00000000 wm4.zf_driver_adc.h.64.349fb433626b42172b0e0fee038428ca
                           .group:00000000 wm4.can.h.25.3cfccb6c630ada4f656cab597e231e58
                           .group:00000000 wm4.dmamux.h.25.337aea179f6dbcc87c52aae26d38f76e
                           .group:00000000 wm4.clock_cfg.h.24.0aed3cee9ecce947225a304181294191
                           .group:00000000 wm4.clock.h.37.80236c5607fdd9eb9275e5111a4191c3
                           .group:00000000 wm4.irq.h.37.78714f25754c8b09d1428599101f6cc7
                           .group:00000000 wm4.dma.h.40.f77dd217a06ceba13a3cfdd4102a73c1
                           .group:00000000 wm4.zf_driver_can.h.67.fd10d2fa867eb54a54d4b57027d73a60
                           .group:00000000 wm4.tim.h.25.6e7ad96569e77a70a68b9b4cc59f54f2
                           .group:00000000 wm4.zf_driver_timer.h.33.8df253b6990d9861816977209fb11e90
                           .group:00000000 wm4.zf_driver_encoder.h.57.7e32999f25354fac086ca226b0c630d4
                           .group:00000000 wm4.exti.h.25.21597c35d9630b0985ce88d2c41f4ea4
                           .group:00000000 wm4.zf_driver_exti.h.59.1b02b8083e5295ef5baaf83905d59395
                           .group:00000000 wm4.ssd_types.h.29.b861f4e6d39d333f931bfc05b964cb1c
                           .group:00000000 wm4.ssd_C55.h.37.dad650468a97d71aff4dd65ca085590f
                           .group:00000000 wm4.zf_driver_flash.h.59.db93fe574c35ea9e79030063fbb35a13
                           .group:00000000 wm4.hrtim.h.25.1601aea9d4a0da1de8252dc444355251
                           .group:00000000 wm4.zf_driver_hrtim.h.64.cd8d2bf3bf1c471ea59d9c61e4a721d7
                           .group:00000000 wm4.zf_driver_interrupt.h.33.2c3660dcc36cb090bd75b8f180c14f27
                           .group:00000000 wm4.zf_driver_pit.h.33.834ac720a62e09d5603a9557331e9049
                           .group:00000000 wm4.zf_driver_pwm.h.33.7d80487064ca712231a453396685a551
                           .group:00000000 wm4.zf_driver_rcc.h.33.4c228cf40a79e1b974b30d5a9a3a77a7
                           .group:00000000 wm4.zf_driver_soft_iic.h.33.9067bd298084134f63c61c075f95fa2b
                           .group:00000000 wm4.zf_driver_soft_spi.h.33.a938287c023905d97cafe56e4be63674
                           .group:00000000 wm4.zf_driver_spi.h.62.950b1f52ed365034df2907601137b455
                           .group:00000000 wm4.zf_driver_system.h.33.370922a9681b47d575d2c83d302a180b
                           .group:00000000 wm4.bsp_uart.h.31.c709869491969cfdef8a75d6bfc161b7
                           .group:00000000 wm4.zf_driver_uart.h.68.14c9cf719d9cd0f517e5a4bcb943af75
                           .group:00000000 wm4.zf_device_imu_interface.h.40.344a2c93b973b58cee305ff406fc3e84
                           .group:00000000 wm4.zf_device_imu660rb.h.37.b47c39afb47c89c2c82bd28e76457042
                           .group:00000000 wm4.zf_device_imu963ra.h.37.e773f164af6f72dd1b0b6c1242bf99b4
                           .group:00000000 wm4.zf_device_wireless_interface.h.40.da0a07f107014cb0888a26f281971a5b
                           .group:00000000 wm4.zf_device_display_interface.h.79.d8df25e52245efbd97fd6415c8db0a72
                           .group:00000000 wm4.zf_device_ips200.h.37.957fc5e8b291701a6f6b47207b045b77
                           .group:00000000 wm4.math.h.13.b6595ad277a643a6127e1a4515a98f91
                           .group:00000000 wm4.zf_device_gnss.h.66.39fe53860d2d190725612db126de8287
                           .group:00000000 wm4.zf_device_key.h.45.b12f9096d8cc68f085b8fe9fe5b730db
                           .group:00000000 wm4.zf_device_uart_receiver.h.43.9ac9496dcaa4780ef86d21fa439379b4

UNDEFINED SYMBOLS
zf_pwm_module_init
zf_pwm_channel_init
zf_pwm_set_duty
